Log file open, 08/12/20 12:56:46
LogWindows: Failed to load 'aqProf.dll' (GetLastError=126)
LogWindows: File 'aqProf.dll' does not exist
LogWindows: Failed to load 'VtuneApi.dll' (GetLastError=126)
LogWindows: File 'VtuneApi.dll' does not exist
LogWindows: Failed to load 'VtuneApi32e.dll' (GetLastError=126)
LogWindows: File 'VtuneApi32e.dll' does not exist
LogInit: Display: Running engine for game: OculusQuest
LogPlatformFile: Not using cached read wrapper
LogInit: Display: RandInit(1273887749) SRandInit(1273887749).
LogInit: Read version file with build ID '3944462'
LogInit: Overriding engine version to CL 4033788, compatible CL 3944462
LogInit: Registered custom module enumerator with build ID '3944462'
LogTaskGraph: Started task graph with 5 named threads and 35 total threads with 3 sets of task threads.
LogStats: Stats thread started at 0.892520
LogD3D11RHI: Aftermath initialized
LogICUInternationalization: Display: ICU TimeZone Detection - Raw Offset: +5:30, Platform Override: ''
LogModuleManager: Display: Found up-to-date module file ../../../Engine/Plugins/2D/Paper2D/Binaries/Win64/UE4Editor-Paper2D.dll (API version 3944462).
LogModuleManager: Display: Found up-to-date module file ../../../Engine/Plugins/2D/Paper2D/Binaries/Win64/UE4Editor-Paper2DEditor.dll (API version 3944462).
LogModuleManager: Display: Found up-to-date module file ../../../Engine/Plugins/2D/Paper2D/Binaries/Win64/UE4Editor-PaperSpriteSheetImporter.dll (API version 3944462).
LogModuleManager: Display: Found up-to-date module file ../../../Engine/Plugins/2D/Paper2D/Binaries/Win64/UE4Editor-PaperTiledImporter.dll (API version 3944462).
LogModuleManager: Display: Found up-to-date module file ../../../Engine/Plugins/2D/Paper2D/Binaries/Win64/UE4Editor-SmartSnapping.dll (API version 3944462).
LogModuleManager: Display: Found up-to-date module file ../../../Engine/Plugins/Blendables/LightPropagationVolume/Binaries/Win64/UE4Editor-LightPropagationVolumeRuntime.dll (API version 3944462).
LogModuleManager: Display: Found up-to-date module file ../../../Engine/Plugins/Blendables/LightPropagationVolume/Binaries/Win64/UE4Editor-LightPropagationVolumeEditor.dll (API version 3944462).
LogModuleManager: Display: Found up-to-date module file ../../../Engine/Plugins/Developer/CLionSourceCodeAccess/Binaries/Win64/UE4Editor-CLionSourceCodeAccess.dll (API version 3944462).
LogModuleManager: Display: Found up-to-date module file ../../../Engine/Plugins/Developer/GitSourceControl/Binaries/Win64/UE4Editor-GitSourceControl.dll (API version 3944462).
LogModuleManager: Display: Found up-to-date module file ../../../Engine/Plugins/Developer/PerforceSourceControl/Binaries/Win64/UE4Editor-PerforceSourceControl.dll (API version 3944462).
LogModuleManager: Display: Found up-to-date module file ../../../Engine/Plugins/Developer/SubversionSourceControl/Binaries/Win64/UE4Editor-SubversionSourceControl.dll (API version 3944462).
LogModuleManager: Display: Found up-to-date module file ../../../Engine/Plugins/Developer/UObjectPlugin/Binaries/Win64/UE4Editor-UObjectPlugin.dll (API version 3944462).
LogModuleManager: Display: Found up-to-date module file ../../../Engine/Plugins/Developer/VisualStudioCodeSourceCodeAccess/Binaries/Win64/UE4Editor-VisualStudioCodeSourceCodeAccess.dll (API version 3944462).
LogModuleManager: Display: Found up-to-date module file ../../../Engine/Plugins/Developer/VisualStudioSourceCodeAccess/Binaries/Win64/UE4Editor-VisualStudioSourceCodeAccess.dll (API version 3944462).
LogModuleManager: Display: Found up-to-date module file ../../../Engine/Plugins/Editor/AssetManagerEditor/Binaries/Win64/UE4Editor-AssetManagerEditor.dll (API version 3944462).
LogModuleManager: Display: Found up-to-date module file ../../../Engine/Plugins/Editor/CryptoKeys/Binaries/Win64/UE4Editor-CryptoKeys.dll (API version 3944462).
LogModuleManager: Display: Found up-to-date module file ../../../Engine/Plugins/Editor/CryptoKeys/Binaries/Win64/UE4Editor-CryptoKeysOpenSSL.dll (API version 3944462).
LogModuleManager: Display: Found up-to-date module file ../../../Engine/Plugins/Editor/DataValidation/Binaries/Win64/UE4Editor-DataValidation.dll (API version 3944462).
LogModuleManager: Display: Found up-to-date module file ../../../Engine/Plugins/Editor/FacialAnimation/Binaries/Win64/UE4Editor-FacialAnimation.dll (API version 3944462).
LogModuleManager: Display: Found up-to-date module file ../../../Engine/Plugins/Editor/FacialAnimation/Binaries/Win64/UE4Editor-FacialAnimationEditor.dll (API version 3944462).
LogModuleManager: Display: Found up-to-date module file ../../../Engine/Plugins/Editor/GameplayTagsEditor/Binaries/Win64/UE4Editor-GameplayTagsEditor.dll (API version 3944462).
LogModuleManager: Display: Found up-to-date module file ../../../Engine/Plugins/Editor/MobileLauncherProfileWizard/Binaries/Win64/UE4Editor-MobileLauncherProfileWizard.dll (API version 3944462).
LogModuleManager: Display: Found up-to-date module file ../../../Engine/Plugins/Editor/PluginBrowser/Binaries/Win64/UE4Editor-PluginBrowser.dll (API version 3944462).
LogModuleManager: Display: Found up-to-date module file ../../../Engine/Plugins/Editor/SpeedTreeImporter/Binaries/Win64/UE4Editor-SpeedTreeImporter.dll (API version 3944462).
LogModuleManager: Display: Found up-to-date module file ../../../Engine/Plugins/Enterprise/DatasmithContent/Binaries/Win64/UE4Editor-DatasmithContent.dll (API version 3944462).
LogModuleManager: Display: Found up-to-date module file ../../../Engine/Plugins/Experimental/AlembicImporter/Binaries/Win64/UE4Editor-AlembicImporter.dll (API version 3944462).
LogModuleManager: Display: Found up-to-date module file ../../../Engine/Plugins/Experimental/AlembicImporter/Binaries/Win64/UE4Editor-AlembicLibrary.dll (API version 3944462).
LogModuleManager: Display: Found up-to-date module file ../../../Engine/Plugins/Experimental/CharacterAI/Binaries/Win64/UE4Editor-CharacterAI.dll (API version 3944462).
LogModuleManager: Display: Found up-to-date module file ../../../Engine/Plugins/Experimental/HTML5Networking/Binaries/Win64/UE4Editor-HTML5Networking.dll (API version 3944462).
LogModuleManager: Display: Found up-to-date module file ../../../Engine/Plugins/Media/AndroidMedia/Binaries/Win64/UE4Editor-AndroidMediaEditor.dll (API version 3944462).
LogModuleManager: Display: Found up-to-date module file ../../../Engine/Plugins/Media/AndroidMedia/Binaries/Win64/UE4Editor-AndroidMediaFactory.dll (API version 3944462).
LogModuleManager: Display: Found up-to-date module file ../../../Engine/Plugins/Media/AvfMedia/Binaries/Win64/UE4Editor-AvfMediaEditor.dll (API version 3944462).
LogModuleManager: Display: Found up-to-date module file ../../../Engine/Plugins/Media/AvfMedia/Binaries/Win64/UE4Editor-AvfMediaFactory.dll (API version 3944462).
LogModuleManager: Display: Found up-to-date module file ../../../Engine/Plugins/Media/AvfMedia/Binaries/Win64/UE4Editor-AvfMediaFactory.dll (API version 3944462).
LogModuleManager: Display: Found up-to-date module file ../../../Engine/Plugins/Media/ImgMedia/Binaries/Win64/UE4Editor-ImgMedia.dll (API version 3944462).
LogModuleManager: Display: Found up-to-date module file ../../../Engine/Plugins/Media/ImgMedia/Binaries/Win64/UE4Editor-ImgMediaEditor.dll (API version 3944462).
LogModuleManager: Display: Found up-to-date module file ../../../Engine/Plugins/Media/ImgMedia/Binaries/Win64/UE4Editor-ImgMediaFactory.dll (API version 3944462).
LogModuleManager: Display: Found up-to-date module file ../../../Engine/Plugins/Media/ImgMedia/Binaries/Win64/UE4Editor-ImgMediaFactory.dll (API version 3944462).
LogModuleManager: Display: Found up-to-date module file ../../../Engine/Plugins/Media/ImgMedia/Binaries/Win64/UE4Editor-OpenExrWrapper.dll (API version 3944462).
LogModuleManager: Display: Found up-to-date module file ../../../Engine/Plugins/Media/LinearTimecode/Binaries/Win64/UE4Editor-LinearTimecode.dll (API version 3944462).
LogModuleManager: Display: Found up-to-date module file ../../../Engine/Plugins/Media/MediaCompositing/Binaries/Win64/UE4Editor-MediaCompositing.dll (API version 3944462).
LogModuleManager: Display: Found up-to-date module file ../../../Engine/Plugins/Media/MediaCompositing/Binaries/Win64/UE4Editor-MediaCompositingEditor.dll (API version 3944462).
LogModuleManager: Display: Found up-to-date module file ../../../Engine/Plugins/Media/MediaPlayerEditor/Binaries/Win64/UE4Editor-MediaPlayerEditor.dll (API version 3944462).
LogModuleManager: Display: Found up-to-date module file ../../../Engine/Plugins/Media/WmfMedia/Binaries/Win64/UE4Editor-WmfMedia.dll (API version 3944462).
LogModuleManager: Display: Found up-to-date module file ../../../Engine/Plugins/Media/WmfMedia/Binaries/Win64/UE4Editor-WmfMediaEditor.dll (API version 3944462).
LogModuleManager: Display: Found up-to-date module file ../../../Engine/Plugins/Media/WmfMedia/Binaries/Win64/UE4Editor-WmfMediaFactory.dll (API version 3944462).
LogModuleManager: Display: Found up-to-date module file ../../../Engine/Plugins/Media/WmfMedia/Binaries/Win64/UE4Editor-WmfMediaFactory.dll (API version 3944462).
LogModuleManager: Display: Found up-to-date module file ../../../Engine/Plugins/Messaging/TcpMessaging/Binaries/Win64/UE4Editor-TcpMessaging.dll (API version 3944462).
LogModuleManager: Display: Found up-to-date module file ../../../Engine/Plugins/Messaging/UdpMessaging/Binaries/Win64/UE4Editor-UdpMessaging.dll (API version 3944462).
LogModuleManager: Display: Found up-to-date module file ../../../Engine/Plugins/MovieScene/ActorSequence/Binaries/Win64/UE4Editor-ActorSequence.dll (API version 3944462).
LogModuleManager: Display: Found up-to-date module file ../../../Engine/Plugins/MovieScene/LevelSequenceEditor/Binaries/Win64/UE4Editor-LevelSequenceEditor.dll (API version 3944462).
LogModuleManager: Display: Found up-to-date module file ../../../Engine/Plugins/MovieScene/MatineeToLevelSequence/Binaries/Win64/UE4Editor-MatineeToLevelSequence.dll (API version 3944462).
LogModuleManager: Display: Found up-to-date module file ../../../Engine/Plugins/NetcodeUnitTest/NetcodeUnitTest/Binaries/Win64/UE4Editor-NetcodeUnitTest.dll (API version 3944462).
LogModuleManager: Display: Found up-to-date module file ../../../Engine/Plugins/NetcodeUnitTest/NUTUnrealEngine4/Binaries/Win64/UE4Editor-NUTUnrealEngine4.dll (API version 3944462).
LogModuleManager: Display: Found up-to-date module file ../../../Engine/Plugins/Online/OnlineSubsystem/Binaries/Win64/UE4Editor-OnlineSubsystem.dll (API version 3944462).
LogModuleManager: Display: Found up-to-date module file ../../../Engine/Plugins/Runtime/AndroidPermission/Binaries/Win64/UE4Editor-AndroidPermission.dll (API version 3944462).
LogModuleManager: Display: Found up-to-date module file ../../../Engine/Plugins/Online/OnlineSubsystemNull/Binaries/Win64/UE4Editor-OnlineSubsystemNull.dll (API version 3944462).
LogModuleManager: Display: Found up-to-date module file ../../../Engine/Plugins/Online/OnlineSubsystemUtils/Binaries/Win64/UE4Editor-OnlineSubsystemUtils.dll (API version 3944462).
LogModuleManager: Display: Found up-to-date module file ../../../Engine/Plugins/Online/OnlineSubsystemUtils/Binaries/Win64/UE4Editor-OnlineBlueprintSupport.dll (API version 3944462).
LogModuleManager: Display: Found up-to-date module file ../../../Engine/Plugins/Runtime/AndroidDeviceProfileSelector/Binaries/Win64/UE4Editor-AndroidDeviceProfileSelector.dll (API version 3944462).
LogModuleManager: Display: Found up-to-date module file ../../../Engine/Plugins/Runtime/AppleARKit/Binaries/Win64/UE4Editor-AppleARKit.dll (API version 3944462).
LogModuleManager: Display: Found up-to-date module file ../../../Engine/Plugins/Runtime/ProceduralMeshComponent/Binaries/Win64/UE4Editor-ProceduralMeshComponent.dll (API version 3944462).
LogModuleManager: Display: Found up-to-date module file ../../../Engine/Plugins/Runtime/ProceduralMeshComponent/Binaries/Win64/UE4Editor-ProceduralMeshComponentEditor.dll (API version 3944462).
LogModuleManager: Display: Found up-to-date module file ../../../Engine/Plugins/Animation/LiveLink/Binaries/Win64/UE4Editor-LiveLink.dll (API version 3944462).
LogModuleManager: Display: Found up-to-date module file ../../../Engine/Plugins/Animation/LiveLink/Binaries/Win64/UE4Editor-LiveLinkEditor.dll (API version 3944462).
LogModuleManager: Display: Found up-to-date module file ../../../Engine/Plugins/Runtime/ArchVisCharacter/Binaries/Win64/UE4Editor-ArchVisCharacter.dll (API version 3944462).
LogModuleManager: Display: Found up-to-date module file ../../../Engine/Plugins/Runtime/AudioCapture/Binaries/Win64/UE4Editor-AudioCapture.dll (API version 3944462).
LogModuleManager: Display: Found up-to-date module file ../../../Engine/Plugins/Runtime/AudioCapture/Binaries/Win64/UE4Editor-AudioCaptureEditor.dll (API version 3944462).
LogModuleManager: Display: Found up-to-date module file ../../../Engine/Plugins/Runtime/CableComponent/Binaries/Win64/UE4Editor-CableComponent.dll (API version 3944462).
LogModuleManager: Display: Found up-to-date module file ../../../Engine/Plugins/Runtime/CustomMeshComponent/Binaries/Win64/UE4Editor-CustomMeshComponent.dll (API version 3944462).
LogModuleManager: Display: Found up-to-date module file ../../../Engine/Plugins/Runtime/ExampleDeviceProfileSelector/Binaries/Win64/UE4Editor-ExampleDeviceProfileSelector.dll (API version 3944462).
LogModuleManager: Display: Found up-to-date module file ../../../Engine/Plugins/Runtime/ImmediatePhysics/Binaries/Win64/UE4Editor-ImmediatePhysics.dll (API version 3944462).
LogModuleManager: Display: Found up-to-date module file ../../../Engine/Plugins/Runtime/ImmediatePhysics/Binaries/Win64/UE4Editor-ImmediatePhysicsEditor.dll (API version 3944462).
LogModuleManager: Display: Found up-to-date module file ../../../Engine/Plugins/Runtime/LocationServicesBPLibrary/Binaries/Win64/UE4Editor-LocationServicesBPLibrary.dll (API version 3944462).
LogModuleManager: Display: Found up-to-date module file ../../../Engine/Plugins/Runtime/MobilePatchingUtils/Binaries/Win64/UE4Editor-MobilePatchingUtils.dll (API version 3944462).
LogModuleManager: Display: Found up-to-date module file ../../../Engine/Plugins/Runtime/Oculus/OculusVR/Binaries/Win64/UE4Editor-OculusHMD.dll (API version 3944462).
LogModuleManager: Display: Found up-to-date module file ../../../Engine/Plugins/Runtime/Oculus/OculusVR/Binaries/Win64/UE4Editor-OculusInput.dll (API version 3944462).
LogModuleManager: Display: Found up-to-date module file ../../../Engine/Plugins/Runtime/Oculus/OculusVR/Binaries/Win64/UE4Editor-OculusEditor.dll (API version 3944462).
LogModuleManager: Display: Found up-to-date module file ../../../Engine/Plugins/Runtime/PhysXVehicles/Binaries/Win64/UE4Editor-PhysXVehicles.dll (API version 3944462).
LogModuleManager: Display: Found up-to-date module file ../../../Engine/Plugins/Runtime/PhysXVehicles/Binaries/Win64/UE4Editor-PhysXVehiclesEditor.dll (API version 3944462).
LogModuleManager: Display: Found up-to-date module file ../../../Engine/Plugins/Runtime/RuntimePhysXCooking/Binaries/Win64/UE4Editor-RuntimePhysXCooking.dll (API version 3944462).
LogModuleManager: Display: Found up-to-date module file ../../../Engine/Plugins/Runtime/Steam/SteamVR/Binaries/Win64/UE4Editor-SteamVR.dll (API version 3944462).
LogModuleManager: Display: Found up-to-date module file ../../../Engine/Plugins/Runtime/Steam/SteamVR/Binaries/Win64/UE4Editor-SteamVRController.dll (API version 3944462).
LogModuleManager: Display: Found up-to-date module file ../../../Engine/Plugins/Runtime/WindowsMoviePlayer/Binaries/Win64/UE4Editor-WindowsMoviePlayer.dll (API version 3944462).
LogPluginManager: Mounting plugin Paper2D
LogPluginManager: Mounting plugin LiveLink
LogPluginManager: Mounting plugin LightPropagationVolume
LogPluginManager: Mounting plugin CLionSourceCodeAccess
LogPluginManager: Mounting plugin CodeLiteSourceCodeAccess
LogPluginManager: Mounting plugin GitSourceControl
LogPluginManager: Mounting plugin KDevelopSourceCodeAccess
LogPluginManager: Mounting plugin NullSourceCodeAccess
LogPluginManager: Mounting plugin PerforceSourceControl
LogPluginManager: Mounting plugin SubversionSourceControl
LogPluginManager: Mounting plugin UObjectPlugin
LogPluginManager: Mounting plugin VisualStudioCodeSourceCodeAccess
LogPluginManager: Mounting plugin VisualStudioSourceCodeAccess
LogPluginManager: Mounting plugin XCodeSourceCodeAccess
LogPluginManager: Mounting plugin AssetManagerEditor
LogPluginManager: Mounting plugin CryptoKeys
LogPluginManager: Mounting plugin DataValidation
LogPluginManager: Mounting plugin FacialAnimation
LogPluginManager: Mounting plugin GameplayTagsEditor
LogPluginManager: Mounting plugin MobileLauncherProfileWizard
LogPluginManager: Mounting plugin PluginBrowser
LogPluginManager: Mounting plugin SpeedTreeImporter
LogPluginManager: Mounting plugin DatasmithContent
LogPluginManager: Mounting plugin AlembicImporter
LogPluginManager: Mounting plugin CharacterAI
LogPluginManager: Mounting plugin HTML5Networking
LogPluginManager: Mounting plugin AndroidMedia
LogPluginManager: Mounting plugin AvfMedia
LogPluginManager: Mounting plugin ImgMedia
LogPluginManager: Mounting plugin LinearTimecode
LogPluginManager: Mounting plugin MediaCompositing
LogPluginManager: Mounting plugin MediaPlayerEditor
LogPluginManager: Mounting plugin WmfMedia
LogPluginManager: Mounting plugin TcpMessaging
LogPluginManager: Mounting plugin UdpMessaging
LogPluginManager: Mounting plugin ActorSequence
LogPluginManager: Mounting plugin LevelSequenceEditor
LogPluginManager: Mounting plugin MatineeToLevelSequence
LogPluginManager: Mounting plugin NetcodeUnitTest
LogPluginManager: Mounting plugin NUTUnrealEngine4
LogPluginManager: Mounting plugin OnlineSubsystemGooglePlay
LogPluginManager: Mounting plugin OnlineSubsystemIOS
LogPluginManager: Mounting plugin OnlineSubsystem
LogPluginManager: Mounting plugin OnlineSubsystemNull
LogPluginManager: Mounting plugin OnlineSubsystemUtils
LogPluginManager: Mounting plugin AndroidDeviceProfileSelector
LogPluginManager: Mounting plugin AndroidMoviePlayer
LogPluginManager: Mounting plugin AndroidPermission
LogPluginManager: Mounting plugin AppleARKit
LogPluginManager: Mounting plugin AppleMoviePlayer
LogPluginManager: Mounting plugin ArchVisCharacter
LogPluginManager: Mounting plugin AudioCapture
LogPluginManager: Mounting plugin CableComponent
LogPluginManager: Mounting plugin CustomMeshComponent
LogPluginManager: Mounting plugin ExampleDeviceProfileSelector
LogPluginManager: Mounting plugin GoogleCloudMessaging
LogPluginManager: Mounting plugin ImmediatePhysics
LogPluginManager: Mounting plugin IOSDeviceProfileSelector
LogPluginManager: Mounting plugin LinuxDeviceProfileSelector
LogPluginManager: Mounting plugin LocationServicesBPLibrary
LogPluginManager: Mounting plugin MobilePatchingUtils
LogPluginManager: Mounting plugin OculusVR
LogPluginManager: Plugin shader directory ../../../Engine/Plugins/Runtime/Oculus/OculusVR/Shaders found
LogPluginManager: Mapping shader source directory ../../../Engine/Plugins/Runtime/Oculus/OculusVR/Shaders to virtual directory /Plugin/OculusVR
LogPluginManager: Mounting plugin PhysXVehicles
LogPluginManager: Mounting plugin ProceduralMeshComponent
LogPluginManager: Mounting plugin RuntimePhysXCooking
LogPluginManager: Mounting plugin SteamVR
LogPluginManager: Mounting plugin WindowsMoviePlayer
LogStreaming: Display: Took  1.060s to configure plugins.
LogInit: Using libcurl 7.47.1
LogInit:  - built for x86_64-pc-win32
LogInit:  - supports SSL with OpenSSL/1.0.2g
LogInit:  - supports HTTP deflate (compression) using libz 1.2.8
LogInit:  - other features:
LogInit:      CURL_VERSION_SSL
LogInit:      CURL_VERSION_LIBZ
LogInit:      CURL_VERSION_IPV6
LogInit:      CURL_VERSION_ASYNCHDNS
LogInit:      CURL_VERSION_LARGEFILE
LogInit:      CURL_VERSION_IDN
LogInit:  CurlRequestOptions (configurable via config and command line):
LogInit:  - bVerifyPeer = false  - Libcurl will NOT verify peer certificate
LogInit:  - bUseHttpProxy = false  - Libcurl will NOT use HTTP proxy
LogInit:  - bDontReuseConnections = false  - Libcurl will reuse connections
LogInit:  - CertBundlePath = nullptr  - Libcurl will use whatever was configured at build time.
LogInit:  - MaxHostConnections = 16  - Libcurl will limit the number of connections to a host
LogInit:  - LocalHostAddr = Default
LogInit: WinSock: version 1.1 (2.2), MaxSocks=32767, MaxUdp=65467
LogInit: WinSock: I am MSI (192.168.0.104:0)
LogInit: Build: ++UE4+Release-4.19-CL-4033788
LogInit: Engine Version: 4.19.2-4033788+++UE4+Release-4.19
LogInit: Compatible Engine Version: 4.19.0-3944462+++UE4+Release-4.19
LogInit: Net CL: 3944462
LogDevObjectVersion: Number of dev versions registered: 18
LogDevObjectVersion:   Dev-Blueprints (B0D832E4-1F89-4F0D-ACCF-7EB736FD4AA2): 10
LogDevObjectVersion:   Dev-Build (E1C64328-A22C-4D53-A36C-8E866417BD8C): 0
LogDevObjectVersion:   Dev-Core (375EC13C-06E4-48FB-B500-84F0262A717E): 2
LogDevObjectVersion:   Dev-Editor (E4B068ED-F494-42E9-A231-DA0B2E46BB41): 23
LogDevObjectVersion:   Dev-Framework (CFFC743F-43B0-4480-9391-14DF171D2073): 33
LogDevObjectVersion:   Dev-Mobile (B02B49B5-BB20-44E9-A304-32B752E40360): 2
LogDevObjectVersion:   Dev-Networking (A4E4105C-59A1-49B5-A7C5-40C4547EDFEE): 0
LogDevObjectVersion:   Dev-Online (39C831C9-5AE6-47DC-9A44-9C173E1C8E7C): 0
LogDevObjectVersion:   Dev-Physics (78F01B33-EBEA-4F98-B9B4-84EACCB95AA2): 0
LogDevObjectVersion:   Dev-Platform (6631380F-2D4D-43E0-8009-CF276956A95A): 0
LogDevObjectVersion:   Dev-Rendering (12F88B9F-8875-4AFC-A67C-D90C383ABD29): 25
LogDevObjectVersion:   Dev-Sequencer (7B5AE74C-D270-4C10-A958-57980B212A5A): 6
LogDevObjectVersion:   Dev-VR (D7296918-1DD6-4BDD-9DE2-64A83CC13884): 1
LogDevObjectVersion:   Dev-LoadTimes (C2A15278-BFE7-4AFE-6C17-90FF531DF755): 1
LogDevObjectVersion:   Private-Geometry (6EACA3D4-40EC-4CC1-B786-8BED09428FC5): 2
LogDevObjectVersion:   Dev-AnimPhys (29E575DD-E0A3-4627-9D10-D276232CDCEA): 16
LogDevObjectVersion:   Dev-ReflectionCapture (6B266CEC-1EC7-4B8F-A30B-E4D90942FC07): 1
LogDevObjectVersion:   Dev-Automation (0DF73D61-A23F-47EA-B727-89E90C41499A): 1
LogInit: Compiled (64-bit): Apr 27 2018 02:06:57
LogInit: Compiled with Visual C++: 19.00.24215.01
LogInit: Build Configuration: Development
LogInit: Branch Name: ++UE4+Release-4.19
LogInit: Command Line:  
LogInit: Base Directory: C:/Program Files/Epic Games/UE_4.19/Engine/Binaries/Win64/
LogInit: Installed Engine Build: 1
LogStreaming: Display: Took  0.006s to delete old logs.
LogInit: Presizing for max 8388607 objects, including 0 objects not considered by GC, pre-allocating 0 bytes for permanent pool.
LogInit: Object subsystem initialized
[2020.08.12-07.26.48:170][  0]LogInit: Selected Device Profile: [Windows]
[2020.08.12-07.26.48:170][  0]LogInit: Applying CVar settings loaded from the selected device profile: [Windows]
[2020.08.12-07.26.48:182][  0]LogInit: Computer: MSI
[2020.08.12-07.26.48:182][  0]LogInit: User: tanis
[2020.08.12-07.26.48:182][  0]LogInit: CPU Page size=4096, Cores=6
[2020.08.12-07.26.48:182][  0]LogInit: High frequency timer resolution =10.000000 MHz
[2020.08.12-07.26.48:182][  0]LogMemory: Memory total: Physical=15.8GB (16GB approx)
[2020.08.12-07.26.48:182][  0]LogMemory: Platform Memory Stats for Windows
[2020.08.12-07.26.48:182][  0]LogMemory: Process Physical Memory: 277.11 MB used, 277.11 MB peak
[2020.08.12-07.26.48:182][  0]LogMemory: Process Virtual Memory: 271.39 MB used, 271.39 MB peak
[2020.08.12-07.26.48:182][  0]LogMemory: Physical Memory: 4712.71 MB used,  11516.15 MB free, 16228.86 MB total
[2020.08.12-07.26.48:182][  0]LogMemory: Virtual Memory: 4799.53 MB used,  11516.15 MB free, 134217728.00 MB total
[2020.08.12-07.26.48:450][  0]LogInit: Using OS detected language (en-US).
[2020.08.12-07.26.48:450][  0]LogInit: Using OS detected locale (en-IN).
[2020.08.12-07.26.48:462][  0]LogTextLocalizationManager: No specific localization for 'en-US' exists, so the 'en' localization will be used.
[2020.08.12-07.26.51:779][  0]LogStreaming: Display: Took  3.327s to EndInitTextLocalization.
[2020.08.12-07.26.51:780][  0]LogInit: Setting process to per monitor DPI aware
[2020.08.12-07.26.51:861][  0]LogSlate: New Slate User Created.  User Index 0, Is Virtual User: 0
[2020.08.12-07.26.51:861][  0]LogSlate: Slate User Registered.  User Index 0, Is Virtual User: 0
[2020.08.12-07.26.55:270][  0]LogD3D11RHI: D3D11 adapters:
[2020.08.12-07.26.55:355][  0]LogD3D11RHI:    0. 'NVIDIA GeForce RTX 2060' (Feature Level 11_0)
[2020.08.12-07.26.55:355][  0]LogD3D11RHI:       5980/0/8114 MB DedicatedVideo/DedicatedSystem/SharedSystem, Outputs:1, VendorId:0x10de
[2020.08.12-07.26.55:381][  0]LogD3D11RHI:    1. 'Intel(R) UHD Graphics 630' (Feature Level 11_0)
[2020.08.12-07.26.55:381][  0]LogD3D11RHI:       128/0/8114 MB DedicatedVideo/DedicatedSystem/SharedSystem, Outputs:0, VendorId:0x8086
[2020.08.12-07.26.55:383][  0]LogD3D11RHI:    2. 'Microsoft Basic Render Driver' (Feature Level 11_0)
[2020.08.12-07.26.55:383][  0]LogD3D11RHI:       0/0/8114 MB DedicatedVideo/DedicatedSystem/SharedSystem, Outputs:0, VendorId:0x1414
[2020.08.12-07.26.55:383][  0]LogD3D11RHI: Chosen D3D11 Adapter: 0
[2020.08.12-07.26.55:395][  0]LogD3D11RHI: Creating new Direct3DDevice
[2020.08.12-07.26.55:396][  0]LogD3D11RHI:     GPU DeviceId: 0x1f11 (for the marketing name, search the web for "GPU Device Id")
[2020.08.12-07.26.55:396][  0]LogWindows: EnumDisplayDevices:
[2020.08.12-07.26.55:396][  0]LogWindows:    0. 'Intel(R) UHD Graphics 630' (P:1 D:1)
[2020.08.12-07.26.55:396][  0]LogWindows:    1. 'Intel(R) UHD Graphics 630' (P:0 D:0)
[2020.08.12-07.26.55:396][  0]LogWindows:    2. 'Intel(R) UHD Graphics 630' (P:0 D:0)
[2020.08.12-07.26.55:396][  0]LogWindows:    3. 'NVIDIA GeForce RTX 2060' (P:0 D:0)
[2020.08.12-07.26.55:396][  0]LogWindows:    4. 'NVIDIA GeForce RTX 2060' (P:0 D:0)
[2020.08.12-07.26.55:397][  0]LogWindows:    5. 'NVIDIA GeForce RTX 2060' (P:0 D:0)
[2020.08.12-07.26.55:397][  0]LogWindows:    6. 'NVIDIA GeForce RTX 2060' (P:0 D:0)
[2020.08.12-07.26.55:397][  0]LogWindows: DebugString: GetVideoDriverDetailsInvalid PrimaryIsNotTheChoosenAdapter GetVideoDriverDetailsInvalid PrimaryIsNotTheChoosenAdapter GetVideoDriverDetailsInvalid PrimaryIsNotTheChoosenAdapter GetVideoDriverDetailsInvalid PrimaryIsNotTheChoosenAdapter GetVideoDriverDetailsInvalid PrimaryIsNotTheChoosenAdapter GetVideoDriverDetailsInvalid PrimaryIsNotTheChoosenAdapter GetVideoDriverDetailsInvalid PrimaryIsNotTheChoosenAdapter FoundDriverCount:0 
[2020.08.12-07.26.55:397][  0]LogD3D11RHI:     Adapter Name: NVIDIA GeForce RTX 2060
[2020.08.12-07.26.55:397][  0]LogD3D11RHI:   Driver Version: Unknown (internal:Unknown, unified:Unknown)
[2020.08.12-07.26.55:397][  0]LogD3D11RHI:      Driver Date: Unknown
[2020.08.12-07.26.55:397][  0]LogRHI: Texture pool is 4186 MB (70% of 5980 MB)
[2020.08.12-07.26.55:449][  0]LogD3D11RHI: [Aftermath] Aftermath enabled and primed
[2020.08.12-07.26.55:449][  0]LogD3D11RHI: [Aftermath] Aftermath enabled and primed
[2020.08.12-07.26.55:450][  0]LogD3D11RHI: Async texture creation enabled
[2020.08.12-07.26.55:499][  0]LogD3D11RHI: GPU Timing Frequency: 1000.000000 (Debug: 2 1)
[2020.08.12-07.26.55:506][  0]LogShaderCompilers: Guid format shader working directory is -31 characters bigger than the processId version (../../../../../../Users/tanis/OneDrive/Documents/Unreal Projects/OculusQuest/Intermediate/Shaders/WorkingDirectory/14616/).
[2020.08.12-07.26.55:506][  0]LogShaderCompilers: Cleaned the shader compiler working directory 'C:/Users/tanis/AppData/Local/Temp/UnrealShaderWorkingDir/8FE791B742853EC00FD218B97A895B8F/'.
[2020.08.12-07.26.55:912][  0]LogTemp: Display: Loaded TP AllDesktopTargetPlatform
[2020.08.12-07.26.55:925][  0]LogTemp: Display: Loaded TP MacClientTargetPlatform
[2020.08.12-07.26.55:940][  0]LogTemp: Display: Loaded TP MacNoEditorTargetPlatform
[2020.08.12-07.26.55:954][  0]LogTemp: Display: Loaded TP MacServerTargetPlatform
[2020.08.12-07.26.55:970][  0]LogTemp: Display: Loaded TP MacTargetPlatform
[2020.08.12-07.26.55:987][  0]LogTemp: Display: Loaded TP WindowsClientTargetPlatform
[2020.08.12-07.26.56:000][  0]LogTemp: Display: Loaded TP WindowsNoEditorTargetPlatform
[2020.08.12-07.26.56:014][  0]LogTemp: Display: Loaded TP WindowsServerTargetPlatform
[2020.08.12-07.26.56:022][  0]LogTemp: Display: Loaded TP WindowsTargetPlatform
[2020.08.12-07.26.56:037][  0]LogTemp: Display: Loaded TP Android_ASTCTargetPlatform
[2020.08.12-07.26.56:052][  0]LogTemp: Display: Loaded TP Android_ATCTargetPlatform
[2020.08.12-07.26.56:066][  0]LogTemp: Display: Loaded TP Android_DXTTargetPlatform
[2020.08.12-07.26.56:080][  0]LogTemp: Display: Loaded TP Android_ETC1aTargetPlatform
[2020.08.12-07.26.56:093][  0]LogTemp: Display: Loaded TP Android_ETC1TargetPlatform
[2020.08.12-07.26.56:106][  0]LogTemp: Display: Loaded TP Android_ETC2TargetPlatform
[2020.08.12-07.26.56:134][  0]LogTemp: Display: Loaded TP Android_MultiTargetPlatform
[2020.08.12-07.26.56:135][  0]LogTemp: Display: Loaded TP Android_PVRTCTargetPlatform
[2020.08.12-07.26.56:149][  0]LogTemp: Display: Loaded TP AndroidTargetPlatform
[2020.08.12-07.26.56:151][  0]LogTemp: Display: Loaded TP HTML5TargetPlatform
[2020.08.12-07.26.56:199][  0]LogTemp: Display: Loaded TP IOSTargetPlatform
[2020.08.12-07.26.56:210][  0]LogTemp: Display: Loaded TP TVOSTargetPlatform
[2020.08.12-07.26.56:227][  0]LogTemp: Display: Loaded TP LinuxClientTargetPlatform
[2020.08.12-07.26.56:240][  0]LogTemp: Display: Loaded TP LinuxNoEditorTargetPlatform
[2020.08.12-07.26.56:253][  0]LogTemp: Display: Loaded TP LinuxServerTargetPlatform
[2020.08.12-07.26.56:267][  0]LogTemp: Display: Loaded TP LinuxTargetPlatform
[2020.08.12-07.26.56:267][  0]LogTargetPlatformManager: Display: Building Assets For Windows
[2020.08.12-07.26.56:466][  0]LogXGEController: Cleaning working directory: C:/Users/tanis/AppData/Local/Temp/UnrealXGEWorkingDir/
[2020.08.12-07.26.56:466][  0]LogXGEController: Cannot use XGE Controller as Incredibuild is not installed on this machine.
[2020.08.12-07.26.56:467][  0]LogShaderCompilers: Cannot use XGE Shader Compiler as Incredibuild is not installed on this machine.
[2020.08.12-07.26.56:467][  0]LogShaderCompilers: Display: Using Local Shader Compiler.
[2020.08.12-07.26.57:412][  0]LogDerivedDataCache: Display: Max Cache Size: 512 MB
[2020.08.12-07.26.58:149][  0]LogDerivedDataCache: Loaded boot cache 0.74s 75MB C:/Users/tanis/AppData/Local/UnrealEngine/4.19/DerivedDataCache/Boot.ddc.
[2020.08.12-07.26.58:149][  0]LogDerivedDataCache: Display: Loaded Boot cache: C:/Users/tanis/AppData/Local/UnrealEngine/4.19/DerivedDataCache/Boot.ddc
[2020.08.12-07.26.58:149][  0]LogDerivedDataCache: FDerivedDataBackendGraph:  Pak pak cache file ../../../../../../Users/tanis/OneDrive/Documents/Unreal Projects/OculusQuest/DerivedDataCache/DDC.ddp not found, will not use a pak cache.
[2020.08.12-07.26.58:149][  0]LogDerivedDataCache: Unable to find inner node Pak for hierarchical cache Hierarchy.
[2020.08.12-07.26.58:149][  0]LogDerivedDataCache: FDerivedDataBackendGraph:  CompressedPak pak cache file ../../../../../../Users/tanis/OneDrive/Documents/Unreal Projects/OculusQuest/DerivedDataCache/Compressed.ddp not found, will not use a pak cache.
[2020.08.12-07.26.58:149][  0]LogDerivedDataCache: Unable to find inner node CompressedPak for hierarchical cache Hierarchy.
[2020.08.12-07.26.58:172][  0]LogDerivedDataCache: Display: Pak cache opened for reading ../../../Engine/DerivedDataCache/Compressed.ddp.
[2020.08.12-07.26.58:184][  0]LogDerivedDataCache: Using Local data cache path C:/Users/tanis/AppData/Local/UnrealEngine/Common/DerivedDataCache: Writable
[2020.08.12-07.26.58:184][  0]LogDerivedDataCache: Shared data cache path not found in *engine.ini, will not use an Shared cache.
[2020.08.12-07.26.58:184][  0]LogDerivedDataCache: Unable to find inner node Shared for hierarchical cache Hierarchy.
[2020.08.12-07.26.58:220][  0]LogMaterial: Verifying Global Shaders for PCD3D_SM5
[2020.08.12-07.26.58:228][  0]LogSlate: Using Freetype 2.6.0
[2020.08.12-07.26.58:235][  0]LogSlate: SlateFontCache - WITH_FREETYPE: 1, WITH_HARFBUZZ: 1
[2020.08.12-07.26.58:235][  0]LogSlate: SlateFontCache - WITH_FREETYPE: 1, WITH_HARFBUZZ: 1
[2020.08.12-07.27.01:784][  0]LogAssetRegistry: FAssetRegistry took 0.0294 seconds to start up
[2020.08.12-07.27.02:222][  0]LogInit: Selected Device Profile: [Windows]
[2020.08.12-07.27.02:550][  0]LogSimplygon: Simplygon DLL not present - disabling.
[2020.08.12-07.27.02:558][  0]LogMeshReduction: Using SimplygonSwarm for distributed automatic mesh merging
[2020.08.12-07.27.02:559][  0]LogMeshReduction: Using QuadricMeshReduction for automatic static mesh reduction
[2020.08.12-07.27.02:559][  0]LogMeshReduction: No automatic skeletal mesh reduction module available
[2020.08.12-07.27.02:559][  0]LogMeshReduction: No automatic mesh merging module available
[2020.08.12-07.27.02:559][  0]LogMeshMerging: No automatic mesh merging module available
[2020.08.12-07.27.02:624][  0]LogNetVersion: OculusQuest , NetCL: 3944462, EngineNetVer: 2, GameNetVer: 0 (Checksum: 1665839904)
[2020.08.12-07.27.03:495][  0]LogPackageLocalizationCache: Processed 9 localized package path(s) for 2 prioritized culture(s) in 0.073706 seconds
[2020.08.12-07.27.03:499][  0]LogUObjectArray: 36729 objects as part of root set at end of initial load.
[2020.08.12-07.27.03:499][  0]LogUObjectAllocator: 7314536 out of 0 bytes used by permanent object pool.
[2020.08.12-07.27.03:499][  0]LogUObjectArray: CloseDisregardForGC: 0/0 objects in disregard for GC pool
[2020.08.12-07.27.09:835][  0]LogTcpMessaging: Initializing TcpMessaging bridge
[2020.08.12-07.27.09:867][  0]LogUdpMessaging: Initializing bridge on interface 0.0.0.0:0 to multicast group 230.0.0.1:6666.
[2020.08.12-07.27.10:304][  0]SourceControl: Source control is disabled
[2020.08.12-07.27.10:304][  0]SourceControl: Source control is disabled
[2020.08.12-07.27.10:333][  0]SourceControl: Source control is disabled
[2020.08.12-07.27.10:352][  0]SourceControl: Source control is disabled
[2020.08.12-07.27.10:879][  0]LogAndroidPermission: UAndroidPermissionCallbackProxy::GetInstance
[2020.08.12-07.27.11:238][  0]LogOcInput: OculusInput pre-init called
[2020.08.12-07.27.11:388][  0]LogEngine: Initializing Engine...
[2020.08.12-07.27.11:392][  0]LogHMD: Failed to initialize OpenVR with code 110
[2020.08.12-07.27.11:395][  0]LogStats: UGameplayTagsManager::ConstructGameplayTagTree: Construct from data asset -  0.000 s
[2020.08.12-07.27.11:396][  0]LogStats: UGameplayTagsManager::ConstructGameplayTagTree: GameplayTagTreeChangedEvent.Broadcast -  0.000 s
[2020.08.12-07.27.11:832][  0]LogAIModule: Creating AISystem for world Untitled
[2020.08.12-07.27.11:864][  0]LogInit: XAudio2 using 'Speakers (Realtek(R) Audio)' : 6 channels at 48 kHz using 32 bits per sample (channel mask 0x3f)
[2020.08.12-07.27.11:919][  0]LogInit: FAudioDevice initialized.
[2020.08.12-07.27.13:210][  0]LogDerivedDataCache: Saved boot cache 1.29s 90MB C:/Users/tanis/AppData/Local/UnrealEngine/4.19/DerivedDataCache/Boot.ddc.
[2020.08.12-07.27.13:219][  0]LogInit: Texture streaming: Enabled
[2020.08.12-07.27.13:245][  0]LogEngineSessionManager: EngineSessionManager initialized
[2020.08.12-07.27.13:272][  0]LogInit: Transaction tracking system initialized
[2020.08.12-07.27.13:350][  0]BlueprintLog: New page: Editor Load
[2020.08.12-07.27.13:586][  0]LocalizationService: Localization service is disabled
[2020.08.12-07.27.13:972][  0]LogConsoleResponse: Display: 
[2020.08.12-07.27.14:236][  0]LogCook: Display: Max memory allowance for cook 16384mb min free memory 0mb
[2020.08.12-07.27.14:236][  0]LogCook: Display: Mobile HDR setting 0
[2020.08.12-07.27.14:236][  0]LogGameplayTags: Display: UGameplayTagsManager::DoneAddingNativeTags. DelegateIsBound: 0
[2020.08.12-07.27.14:236][  0]LogStats: UGameplayTagsManager::ConstructGameplayTagTree: Construct from data asset -  0.000 s
[2020.08.12-07.27.14:236][  0]LogStats: UGameplayTagsManager::ConstructGameplayTagTree: GameplayTagTreeChangedEvent.Broadcast -  0.000 s
[2020.08.12-07.27.14:309][  0]LogFileCache: Scanning file cache for directory 'C:/Users/tanis/OneDrive/Documents/Unreal Projects/OculusQuest/Content/' took 0.04s
[2020.08.12-07.27.14:748][  0]SourceControl: Source control is disabled
[2020.08.12-07.27.14:751][  0]Cmd: MAP LOAD FILE="../../../../../../Users/tanis/OneDrive/Documents/Unreal Projects/OculusQuest/Content/VirtualRealityBP/Maps/MotionControllerMap.umap" TEMPLATE=0 SHOWPROGRESS=1 FEATURELEVEL=3
[2020.08.12-07.27.14:754][  0]LightingResults: New page: Lighting Build
[2020.08.12-07.27.14:765][  0]MapCheck: New page: Map Check
[2020.08.12-07.27.14:765][  0]LightingResults: New page: Lighting Build
[2020.08.12-07.27.14:949][  0]LogUObjectGlobals: Created PersistentFrame Addr=0x0000013b056ff7e0, Size=32, Default__BP_PickupCube_C Function /Game/VirtualRealityBP/Blueprints/BP_PickupCube.BP_PickupCube_C:ExecuteUbergraph_BP_PickupCube
[2020.08.12-07.27.14:952][  0]LogUObjectGlobals: Destroyed PersistentFrame Addr=0x0000013b056ff7e0, Size=32
[2020.08.12-07.27.14:952][  0]LogUObjectGlobals: Created PersistentFrame Addr=0x0000013b056ff7e0, Size=32, Default__BP_PickupCube_C Function /Engine/Transient.REINST_BP_PickupCube_C_7:ExecuteUbergraph_BP_PickupCube
[2020.08.12-07.27.14:953][  0]LogUObjectGlobals: Created PersistentFrame Addr=0x0000013b056fe980, Size=32, Default__BP_PickupCube_C Function /Game/VirtualRealityBP/Blueprints/BP_PickupCube.BP_PickupCube_C:ExecuteUbergraph_BP_PickupCube
[2020.08.12-07.27.14:993][  0]LogUObjectGlobals: Created PersistentFrame Addr=0x0000013b05bbb118, Size=24, Default__RightHand_AnimBP_C Function /Game/VirtualReality/Mannequin/Animations/RightHand_AnimBP.RightHand_AnimBP_C:ExecuteUbergraph_RightHand_AnimBP
[2020.08.12-07.27.15:001][  0]LogUObjectGlobals: Destroyed PersistentFrame Addr=0x0000013b05bbb118, Size=24
[2020.08.12-07.27.15:001][  0]LogUObjectGlobals: Created PersistentFrame Addr=0x0000013b05bbb118, Size=24, Default__RightHand_AnimBP_C Function /Engine/Transient.REINST_RightHand_AnimBP_C_0:ExecuteUbergraph_RightHand_AnimBP
[2020.08.12-07.27.15:004][  0]LogUObjectGlobals: Created PersistentFrame Addr=0x0000013b05bba5f0, Size=24, Default__RightHand_AnimBP_C Function /Game/VirtualReality/Mannequin/Animations/RightHand_AnimBP.RightHand_AnimBP_C:ExecuteUbergraph_RightHand_AnimBP
[2020.08.12-07.27.15:084][  0]LogUObjectGlobals: Created PersistentFrame Addr=0x0000013b6baa9800, Size=968, Default__BP_MotionController_C Function /Game/VirtualRealityBP/Blueprints/BP_MotionController.BP_MotionController_C:ExecuteUbergraph_BP_MotionController
[2020.08.12-07.27.15:113][  0]LogUObjectGlobals: Destroyed PersistentFrame Addr=0x0000013b6baa9800, Size=968
[2020.08.12-07.27.15:113][  0]LogUObjectGlobals: Created PersistentFrame Addr=0x0000013b0a8df800, Size=968, Default__BP_MotionController_C Function /Engine/Transient.REINST_BP_MotionController_C_10:ExecuteUbergraph_BP_MotionController
[2020.08.12-07.27.15:138][  0]LogUObjectGlobals: Created PersistentFrame Addr=0x0000013b0a8de400, Size=968, Default__BP_MotionController_C Function /Game/VirtualRealityBP/Blueprints/BP_MotionController.BP_MotionController_C:ExecuteUbergraph_BP_MotionController
[2020.08.12-07.27.15:144][  0]LogUObjectGlobals: Created PersistentFrame Addr=0x0000013b0a74a500, Size=752, Default__MotionControllerPawn_C Function /Game/VirtualRealityBP/Blueprints/MotionControllerPawn.MotionControllerPawn_C:ExecuteUbergraph_MotionControllerPawn
[2020.08.12-07.27.15:158][  0]LogUObjectGlobals: Destroyed PersistentFrame Addr=0x0000013b0a74a500, Size=752
[2020.08.12-07.27.15:159][  0]LogUObjectGlobals: Created PersistentFrame Addr=0x0000013b0a810a00, Size=752, Default__MotionControllerPawn_C Function /Engine/Transient.REINST_MotionControllerPawn_C_12:ExecuteUbergraph_MotionControllerPawn
[2020.08.12-07.27.15:169][  0]LogUObjectGlobals: Created PersistentFrame Addr=0x0000013b0a812800, Size=752, Default__MotionControllerPawn_C Function /Game/VirtualRealityBP/Blueprints/MotionControllerPawn.MotionControllerPawn_C:ExecuteUbergraph_MotionControllerPawn
[2020.08.12-07.27.15:441][  0]LogSkeletalMesh: Skeletal Mesh found in DDC [3.346800ms] /Game/VirtualReality/Mannequin/Character/Mesh/MannequinHand_Right.MannequinHand_Right
[2020.08.12-07.27.15:474][  0]LogAIModule: Creating AISystem for world MotionControllerMap
[2020.08.12-07.27.15:512][  0]LogEditorServer: Finished looking for orphan Actors (0.000 secs)
[2020.08.12-07.27.15:529][  0]LogUObjectGlobals: Destroyed PersistentFrame Addr=0x0000013b056ff7e0, Size=32
[2020.08.12-07.27.15:529][  0]LogUObjectGlobals: Destroyed PersistentFrame Addr=0x0000013b05bbb118, Size=24
[2020.08.12-07.27.15:530][  0]LogUObjectGlobals: Destroyed PersistentFrame Addr=0x0000013b0a8df800, Size=968
[2020.08.12-07.27.15:530][  0]LogUObjectGlobals: Destroyed PersistentFrame Addr=0x0000013b0a810a00, Size=752
[2020.08.12-07.27.15:532][  0]Cmd: MAP CHECKDEP NOCLEARLOG
[2020.08.12-07.27.15:588][  0]MapCheck: Map check complete: 0 Error(s), 0 Warning(s), took 55.092ms to complete.
[2020.08.12-07.27.15:588][  0]LogFileHelpers: Loading map 'MotionControllerMap' took 0.838
[2020.08.12-07.27.19:190][  0]LogTemp: Executing iPhonePackager certificates Engine -bundlename com.YourCompany.OculusQuest
[2020.08.12-07.27.19:190][  0]LogTemp: CWD: C:\Program Files\Epic Games\UE_4.19\Engine\Binaries\DotNET\IOS
[2020.08.12-07.27.19:190][  0]LogTemp: Initial Dir: C:\Program Files\Epic Games\UE_4.19
[2020.08.12-07.27.19:190][  0]LogTemp: Env CWD: C:\Program Files\Epic Games\UE_4.19\Engine\Binaries\DotNET\IOS
[2020.08.12-07.27.19:190][  0]LogTemp: BranchPath = MSI/C/Program Files/Epic Games/UE_4.19/Engine/Binaries --- GameBranchPath = MSI/C/Program Files/Epic Games/UE_4.19/Engine/Binaries
[2020.08.12-07.27.19:190][  0]LogTemp: IPP ERROR: Could not find provision directory 'C:\Users\tanis\AppData\Local/Apple Computer/MobileDevice/Provisioning Profiles/'.
[2020.08.12-07.27.19:190][  0]LogSlate: Only BGRA pngs, bmps or icos are supported in by External Image Picker
[2020.08.12-07.27.21:093][  0]LogCollectionManager: Loaded 0 collections in 0.001786 seconds
[2020.08.12-07.27.21:155][  0]LogFileCache: Scanning file cache for directory 'C:/Users/tanis/OneDrive/Documents/Unreal Projects/OculusQuest/Saved/Collections/' took 0.01s
[2020.08.12-07.27.21:155][  0]LogFileCache: Scanning file cache for directory 'C:/Users/tanis/OneDrive/Documents/Unreal Projects/OculusQuest/Content/Developers/tanis/Collections/' took 0.01s
[2020.08.12-07.27.21:155][  0]LogFileCache: Scanning file cache for directory 'C:/Users/tanis/OneDrive/Documents/Unreal Projects/OculusQuest/Content/Collections/' took 0.01s
[2020.08.12-07.27.21:155][  0]LogCollectionManager: Rebuilt the GUID cache for 0 collections in 0.000000 seconds
[2020.08.12-07.27.21:165][  0]LogContentBrowser: Native class hierarchy populated in 0.0085 seconds. Added 2452 classes and 558 folders.
[2020.08.12-07.27.21:180][  0]LogContentBrowser: Native class hierarchy updated for 'WidgetCarousel' in 0.0002 seconds. Added 0 classes and 0 folders.
[2020.08.12-07.27.21:401][  0]LogContentBrowser: Native class hierarchy updated for 'AddContentDialog' in 0.0002 seconds. Added 0 classes and 0 folders.
[2020.08.12-07.27.21:417][  0]LogContentBrowser: Native class hierarchy updated for 'SceneOutliner' in 0.0002 seconds. Added 1 classes and 2 folders.
[2020.08.12-07.27.21:516][  0]LogSlate: Took 0.001887 seconds to synchronously load lazily loaded font '../../../Engine/Content/Slate/Fonts/Roboto-Regular.ttf' (155K)
[2020.08.12-07.27.21:522][  0]LogSlate: Took 0.003456 seconds to synchronously load lazily loaded font '../../../Engine/Content/Slate/Fonts/Roboto-Bold.ttf' (160K)
[2020.08.12-07.27.21:529][  0]LogSlate: Took 0.002143 seconds to synchronously load lazily loaded font '../../../Engine/Content/Editor/Slate/Fonts/FontAwesome.ttf' (139K)
[2020.08.12-07.27.21:657][  0]LogRenderer: Reallocating scene render targets to support 864x340 Format 26 NumSamples 1 (Frame:1).
[2020.08.12-07.27.21:835][  0]LogContentBrowser: Native class hierarchy updated for 'HierarchicalLODOutliner' in 0.0002 seconds. Added 0 classes and 0 folders.
[2020.08.12-07.27.21:835][  0]LogLoad: (Engine Initialization) Total time: 38.03 seconds
[2020.08.12-07.27.21:836][  0]LogLoad: (Engine Initialization) Total Blueprint compile time: 0.00 seconds
[2020.08.12-07.27.21:873][  0]LogContentStreaming: Texture pool size now 1000 MB
[2020.08.12-07.27.21:962][  1]LogRenderer: Reallocating scene render targets to support 864x352 Format 26 NumSamples 1 (Frame:2).
[2020.08.12-07.27.22:017][  2]LogSlate: Took 0.002243 seconds to synchronously load lazily loaded font '../../../Engine/Content/Slate/Fonts/Roboto-Light.ttf' (167K)
[2020.08.12-07.27.22:047][  3]LogAssetRegistry: Asset discovery search completed in 20.2852 seconds
[2020.08.12-07.27.22:051][  3]LogCollectionManager: Rebuilt the object cache for 0 collections in 0.000000 seconds (found 0 objects)
[2020.08.12-07.27.22:052][  3]LogCollectionManager: Fixed up redirectors for 0 collections in 0.000068 seconds (updated 0 objects)
[2020.08.12-07.27.24:930][334]LogSlate: FSceneViewport::OnFocusLost() reason 2
[2020.08.12-07.27.25:766][428]LogSlate: FSceneViewport::OnFocusLost() reason 2
[2020.08.12-07.27.26:988][539]Cmd: MAP LOAD FILE="../../../../../../Users/tanis/OneDrive/Documents/Unreal Projects/OculusQuest/Content/VirtualRealityBP/Maps/Fire.umap" TEMPLATE=0 SHOWPROGRESS=1 FEATURELEVEL=3
[2020.08.12-07.27.26:993][539]LogSlate: Took 0.000134 seconds to synchronously load lazily loaded font '../../../Engine/Content/Slate/Fonts/Roboto-Light.ttf' (167K)
[2020.08.12-07.27.27:014][539]LightingResults: New page: Lighting Build
[2020.08.12-07.27.27:016][539]LoadErrors: New page: Loading map: Fire.umap
[2020.08.12-07.27.27:018][539]MapCheck: New page: Map Check
[2020.08.12-07.27.27:018][539]LightingResults: New page: Lighting Build
[2020.08.12-07.27.30:632][539]LogUObjectGlobals: Created PersistentFrame Addr=0x0000013b20ccb9a0, Size=32, Default__Fire_C Function /Game/VirtualRealityBP/Maps/Fire.Fire_C:ExecuteUbergraph_Fire
[2020.08.12-07.27.30:637][539]LogUObjectGlobals: Destroyed PersistentFrame Addr=0x0000013b20ccb9a0, Size=32
[2020.08.12-07.27.30:637][539]LogUObjectGlobals: Created PersistentFrame Addr=0x0000013b20ccb9a0, Size=32, Default__Fire_C Function /Engine/Transient.REINST_Fire_C_16:ExecuteUbergraph_Fire
[2020.08.12-07.27.30:638][539]LogUObjectGlobals: Created PersistentFrame Addr=0x0000013b20cc8940, Size=32, Default__Fire_C Function /Game/VirtualRealityBP/Maps/Fire.Fire_C:ExecuteUbergraph_Fire
[2020.08.12-07.27.30:719][539]LogPackageName: Warning: String asset reference "Env_Ice_Rocky.Mesh.Env_Ice_NordHeed01" is in short form, which is unsupported and -- even if valid -- resolving it will be really slow.
[2020.08.12-07.27.30:719][539]LogPackageName: Warning: Please consider resaving package in order to speed-up loading.
[2020.08.12-07.27.30:832][539]LogPackageName: SearchForPackageOnDisk took   0.113s, but failed to resolve Env_Ice_Rocky.
[2020.08.12-07.27.30:832][539]LogPackageName: Warning: String asset reference "Env_Ice_Rocky.Mesh.Env_Ice_NordHeed01" could not be resolved.
[2020.08.12-07.27.31:195][539]LogAIModule: Creating AISystem for world Fire
[2020.08.12-07.27.31:291][539]LogEditorServer: Finished looking for orphan Actors (0.000 secs)
[2020.08.12-07.27.31:302][539]LogUObjectGlobals: Destroyed PersistentFrame Addr=0x0000013b20ccb9a0, Size=32
[2020.08.12-07.27.31:325][539]Cmd: MAP CHECKDEP NOCLEARLOG
[2020.08.12-07.27.31:390][539]MapCheck: Map check complete: 0 Error(s), 0 Warning(s), took 64.864ms to complete.
[2020.08.12-07.27.31:390][539]LogFileHelpers: Loading map 'Fire' took 4.404
[2020.08.12-07.27.31:393][539]LogSlate: Window 'Open Level' being destroyed
[2020.08.12-07.28.31:163][909]LogSlate: FSceneViewport::OnFocusLost() reason 0
[2020.08.12-07.28.31:221][916]LogTemp: Repeating last play command: Mobile Preview ES2 (PIE)
[2020.08.12-07.29.07:917][883]LogEditorViewport: Clicking on Actor (LMB): BP_PoseWall_C (BP_PoseWall)
[2020.08.12-07.29.18:000][952]LogSlate: FSceneViewport::OnFocusLost() reason 0
[2020.08.12-07.29.22:107][381]LogTemp: Repeating last play command: Mobile Preview ES2 (PIE)
[2020.08.12-07.29.22:809][381]LogSlate: Window 'Save Content' being destroyed
[2020.08.12-07.29.22:821][381]LogSlate: FSceneViewport::OnFocusLost() reason 2
[2020.08.12-07.29.23:072][381]LogUObjectGlobals: Destroyed PersistentFrame Addr=0x0000013b20cc8940, Size=32
[2020.08.12-07.29.23:072][381]LogUObjectGlobals: Created PersistentFrame Addr=0x0000013b1c06a580, Size=32, Default__Fire_C Function /Engine/Transient.REINST_Fire_C_20:ExecuteUbergraph_Fire
[2020.08.12-07.29.23:073][381]LogUObjectGlobals: Created PersistentFrame Addr=0x0000013b1c06ae20, Size=32, Default__Fire_C Function /Game/VirtualRealityBP/Maps/Fire.Fire_C:ExecuteUbergraph_Fire
[2020.08.12-07.29.23:373][381]LogSavePackage: Save=380.57ms
[2020.08.12-07.29.23:373][381]LogSavePackage: Moving '../../../../../../Users/tanis/OneDrive/Documents/Unreal Projects/OculusQuest/Saved/FireE80764944572CD3C1C1FBBB4C43CCC9D.tmp' to '../../../../../../Users/tanis/OneDrive/Documents/Unreal Projects/OculusQuest/Content/VirtualRealityBP/Maps/Fire.umap'
[2020.08.12-07.29.23:378][381]LogSavePackage: Display: Finished SavePackage ../../../../../../Users/tanis/OneDrive/Documents/Unreal Projects/OculusQuest/Content/VirtualRealityBP/Maps/Fire.umap
[2020.08.12-07.29.23:400][381]LogFileHelpers: Saving map 'Fire' took 0.558
[2020.08.12-07.30.29:014][125]LogSlate: FSceneViewport::OnFocusLost() reason 0
[2020.08.12-07.30.30:381][274]LogTemp: Repeating last play command: Mobile Preview ES2 (PIE)
[2020.08.12-07.30.30:400][274]LogUObjectGlobals: Destroyed PersistentFrame Addr=0x0000013b1c06a580, Size=32
[2020.08.12-07.30.31:428][274]LogSlate: Window 'Save Content' being destroyed
[2020.08.12-07.30.31:438][274]LogSlate: FSceneViewport::OnFocusLost() reason 2
[2020.08.12-07.30.31:555][274]LogUObjectGlobals: Destroyed PersistentFrame Addr=0x0000013b1c06ae20, Size=32
[2020.08.12-07.30.31:555][274]LogUObjectGlobals: Created PersistentFrame Addr=0x0000013b20cc8700, Size=32, Default__Fire_C Function /Engine/Transient.REINST_Fire_C_24:ExecuteUbergraph_Fire
[2020.08.12-07.30.31:556][274]LogUObjectGlobals: Created PersistentFrame Addr=0x0000013b20cc9360, Size=32, Default__Fire_C Function /Game/VirtualRealityBP/Maps/Fire.Fire_C:ExecuteUbergraph_Fire
[2020.08.12-07.30.31:849][274]LogSavePackage: Save=298.88ms
[2020.08.12-07.30.31:849][274]LogSavePackage: Moving '../../../../../../Users/tanis/OneDrive/Documents/Unreal Projects/OculusQuest/Saved/Fire3DE0A5B54B2796C24F4A51850A359CEF.tmp' to '../../../../../../Users/tanis/OneDrive/Documents/Unreal Projects/OculusQuest/Content/VirtualRealityBP/Maps/Fire.umap'
[2020.08.12-07.30.31:853][274]LogSavePackage: Display: Finished SavePackage ../../../../../../Users/tanis/OneDrive/Documents/Unreal Projects/OculusQuest/Content/VirtualRealityBP/Maps/Fire.umap
[2020.08.12-07.30.31:873][274]LogFileHelpers: Saving map 'Fire' took 0.418
[2020.08.12-10.13.00:812][999]LogUObjectGlobals: Destroyed PersistentFrame Addr=0x0000013b20cc8700, Size=32
[2020.08.12-10.13.00:869][999]LogSlate: Window 'OculusQuest - Unreal Editor' being destroyed
[2020.08.12-10.13.00:872][999]LogWindowsTextInputMethodSystem: Display: IME system now deactivated.
[2020.08.12-10.13.01:079][  0]Cmd: QUIT_EDITOR
[2020.08.12-10.13.01:143][  0]LogSlate: Slate User Destroyed.  User Index 0, Is Virtual User: 0
[2020.08.12-10.13.01:144][  0]LogExit: Preparing to exit.
[2020.08.12-10.13.02:091][  0]LogDirectoryWatcher: A directory notification for 'C:/Users/tanis/OneDrive/Documents/Unreal Projects/OculusQuest/Content/' was aborted.
[2020.08.12-10.13.02:110][  0]LogExit: Editor shut down
[2020.08.12-10.13.02:119][  0]LogExit: Transaction tracking system shut down
[2020.08.12-10.13.02:119][  0]LogUObjectGlobals: Destroyed PersistentFrame Addr=0x0000013b056fe980, Size=32
[2020.08.12-10.13.02:119][  0]LogUObjectGlobals: Destroyed PersistentFrame Addr=0x0000013b05bba5f0, Size=24
[2020.08.12-10.13.02:122][  0]LogUObjectGlobals: Destroyed PersistentFrame Addr=0x0000013b0a8de400, Size=968
[2020.08.12-10.13.02:122][  0]LogUObjectGlobals: Destroyed PersistentFrame Addr=0x0000013b20cc9360, Size=32
[2020.08.12-10.13.02:124][  0]LogUObjectGlobals: Destroyed PersistentFrame Addr=0x0000013b0a812800, Size=752
[2020.08.12-10.13.02:260][  0]LogDirectoryWatcher: A directory notification for '../../../Engine/Content/' was aborted.
[2020.08.12-10.13.02:260][  0]LogDirectoryWatcher: A directory notification for '../../../../../../Users/tanis/OneDrive/Documents/Unreal Projects/OculusQuest/Content/' was aborted.
[2020.08.12-10.13.02:260][  0]LogDirectoryWatcher: A directory notification for '../../Plugins/2D/Paper2D/Content/' was aborted.
[2020.08.12-10.13.02:260][  0]LogDirectoryWatcher: A directory notification for '../../Plugins/Enterprise/DatasmithContent/Content/' was aborted.
[2020.08.12-10.13.02:260][  0]LogDirectoryWatcher: A directory notification for '../../Plugins/Media/MediaCompositing/Content/' was aborted.
[2020.08.12-10.13.02:260][  0]LogDirectoryWatcher: A directory notification for '../../Plugins/Runtime/AppleARKit/Content/' was aborted.
[2020.08.12-10.13.02:260][  0]LogDirectoryWatcher: A directory notification for '../../Plugins/Runtime/Oculus/OculusVR/Content/' was aborted.
[2020.08.12-10.13.02:261][  0]LogDirectoryWatcher: A directory notification for '../../Plugins/Runtime/Steam/SteamVR/Content/' was aborted.
[2020.08.12-10.13.02:320][  0]LogExit: Object subsystem successfully closed.
[2020.08.12-10.13.02:342][  0]LogShaderCompilers: Display: Shaders left to compile 0
[2020.08.12-10.13.02:345][  0]LogD3D11RHI: Shutdown
[2020.08.12-10.13.02:345][  0]LogD3D11RHI: CleanupD3DDevice
[2020.08.12-10.13.02:349][  0]LogD3D11RHI: ~FD3D11DynamicRHI
[2020.08.12-10.13.02:375][  0]LogModuleManager: Shutting down and abandoning module HierarchicalLODOutliner (576)
[2020.08.12-10.13.02:375][  0]LogModuleManager: Shutting down and abandoning module SceneOutliner (574)
[2020.08.12-10.13.02:376][  0]LogModuleManager: Shutting down and abandoning module AddContentDialog (572)
[2020.08.12-10.13.02:376][  0]LogDirectoryWatcher: A directory notification for 'C:/Program Files/Epic Games/UE_4.19/FeaturePacks/' was aborted.
[2020.08.12-10.13.02:376][  0]LogDirectoryWatcher: A directory notification for 'C:/Program Files/Epic Games/UE_4.19/Enterprise/FeaturePacks/' was aborted.
[2020.08.12-10.13.02:377][  0]LogModuleManager: Shutting down and abandoning module WidgetCarousel (571)
[2020.08.12-10.13.02:377][  0]LogModuleManager: Shutting down and abandoning module EditorWidgets (568)
[2020.08.12-10.13.02:377][  0]LogModuleManager: Shutting down and abandoning module CollectionManager (566)
[2020.08.12-10.13.02:377][  0]LogDirectoryWatcher: A directory notification for 'C:/Users/tanis/OneDrive/Documents/Unreal Projects/OculusQuest/Content/Collections/' was aborted.
[2020.08.12-10.13.02:377][  0]LogDirectoryWatcher: A directory notification for 'C:/Users/tanis/OneDrive/Documents/Unreal Projects/OculusQuest/Content/Developers/tanis/Collections/' was aborted.
[2020.08.12-10.13.02:377][  0]LogDirectoryWatcher: A directory notification for 'C:/Users/tanis/OneDrive/Documents/Unreal Projects/OculusQuest/Saved/Collections/' was aborted.
[2020.08.12-10.13.02:378][  0]LogModuleManager: Shutting down and abandoning module ExternalImagePicker (564)
[2020.08.12-10.13.02:378][  0]LogModuleManager: Shutting down and abandoning module StatsViewer (562)
[2020.08.12-10.13.02:378][  0]LogModuleManager: Shutting down and abandoning module FoliageEdit (560)
[2020.08.12-10.13.02:378][  0]LogModuleManager: Shutting down and abandoning module LandscapeEditor (558)
[2020.08.12-10.13.02:378][  0]LogModuleManager: Shutting down and abandoning module MeshPaintMode (556)
[2020.08.12-10.13.02:378][  0]LogModuleManager: Shutting down and abandoning module SceneDepthPickerMode (554)
[2020.08.12-10.13.02:378][  0]LogModuleManager: Shutting down and abandoning module ActorPickerMode (552)
[2020.08.12-10.13.02:378][  0]LogModuleManager: Shutting down and abandoning module GeometryMode (550)
[2020.08.12-10.13.02:378][  0]LogModuleManager: Shutting down and abandoning module TextureAlignMode (548)
[2020.08.12-10.13.02:378][  0]LogModuleManager: Shutting down and abandoning module BspMode (546)
[2020.08.12-10.13.02:378][  0]LogModuleManager: Shutting down and abandoning module PIEPreviewDeviceProfileSelector (544)
[2020.08.12-10.13.02:378][  0]LogModuleManager: Shutting down and abandoning module HardwareSurvey (542)
[2020.08.12-10.13.02:378][  0]LogModuleManager: Shutting down and abandoning module SequenceRecorderSections (540)
[2020.08.12-10.13.02:378][  0]LogModuleManager: Shutting down and abandoning module AutomationWorker (538)
[2020.08.12-10.13.02:378][  0]LogModuleManager: Shutting down and abandoning module AudioCaptureEditor (536)
[2020.08.12-10.13.02:378][  0]LogModuleManager: Shutting down and abandoning module SequenceRecorder (535)
[2020.08.12-10.13.02:378][  0]LogModuleManager: Shutting down and abandoning module MatineeToLevelSequence (532)
[2020.08.12-10.13.02:378][  0]LogModuleManager: Shutting down and abandoning module LevelSequenceEditor (530)
[2020.08.12-10.13.02:379][  0]LogModuleManager: Shutting down and abandoning module PlacementMode (529)
[2020.08.12-10.13.02:379][  0]LogModuleManager: Shutting down and abandoning module MaterialEditor (528)
[2020.08.12-10.13.02:381][  0]LogModuleManager: Shutting down and abandoning module WmfMediaFactory (524)
[2020.08.12-10.13.02:381][  0]LogModuleManager: Shutting down and abandoning module WmfMediaEditor (522)
[2020.08.12-10.13.02:381][  0]LogModuleManager: Shutting down and abandoning module MediaPlayerEditor (520)
[2020.08.12-10.13.02:381][  0]LogModuleManager: Shutting down and abandoning module OpenExrWrapper (518)
[2020.08.12-10.13.02:381][  0]LogModuleManager: Shutting down and abandoning module ImgMediaFactory (516)
[2020.08.12-10.13.02:381][  0]LogModuleManager: Shutting down and abandoning module ImgMediaEditor (514)
[2020.08.12-10.13.02:381][  0]LogModuleManager: Shutting down and abandoning module AvfMediaFactory (512)
[2020.08.12-10.13.02:381][  0]LogModuleManager: Shutting down and abandoning module AvfMediaEditor (510)
[2020.08.12-10.13.02:381][  0]LogModuleManager: Shutting down and abandoning module AndroidMediaFactory (508)
[2020.08.12-10.13.02:381][  0]LogModuleManager: Shutting down and abandoning module AndroidMediaEditor (506)
[2020.08.12-10.13.02:381][  0]LogModuleManager: Shutting down and abandoning module CharacterAI (504)
[2020.08.12-10.13.02:381][  0]LogModuleManager: Shutting down and abandoning module SmartSnapping (502)
[2020.08.12-10.13.02:381][  0]LogModuleManager: Shutting down and abandoning module SessionServices (500)
[2020.08.12-10.13.02:381][  0]LogModuleManager: Shutting down and abandoning module ViewportSnapping (498)
[2020.08.12-10.13.02:381][  0]LogModuleManager: Shutting down and abandoning module ViewportInteraction (496)
[2020.08.12-10.13.02:381][  0]LogModuleManager: Shutting down and abandoning module ClothPainter (494)
[2020.08.12-10.13.02:381][  0]LogModuleManager: Shutting down and abandoning module SkeletalMeshEditor (493)
[2020.08.12-10.13.02:382][  0]LogModuleManager: Shutting down and abandoning module LogVisualizer (490)
[2020.08.12-10.13.02:382][  0]LogModuleManager: Shutting down and abandoning module IntroTutorials (488)
[2020.08.12-10.13.02:382][  0]LogModuleManager: Shutting down and abandoning module GameProjectGeneration (487)
[2020.08.12-10.13.02:383][  0]LogModuleManager: Shutting down and abandoning module IOSPlatformEditor (484)
[2020.08.12-10.13.02:383][  0]LogModuleManager: Shutting down and abandoning module HTML5PlatformEditor (482)
[2020.08.12-10.13.02:383][  0]LogModuleManager: Shutting down and abandoning module AndroidPlatformEditor (480)
[2020.08.12-10.13.02:383][  0]LogModuleManager: Shutting down and abandoning module AndroidDeviceDetection (479)
[2020.08.12-10.13.02:595][  0]LogModuleManager: Shutting down and abandoning module WindowsPlatformEditor (476)
[2020.08.12-10.13.02:595][  0]LogModuleManager: Shutting down and abandoning module IOSRuntimeSettings (474)
[2020.08.12-10.13.02:595][  0]LogModuleManager: Shutting down and abandoning module AndroidRuntimeSettings (472)
[2020.08.12-10.13.02:595][  0]LogModuleManager: Shutting down and abandoning module InputBindingEditor (470)
[2020.08.12-10.13.02:595][  0]LogModuleManager: Shutting down and abandoning module MergeActors (468)
[2020.08.12-10.13.02:596][  0]LogModuleManager: Shutting down and abandoning module LocalizationDashboard (466)
[2020.08.12-10.13.02:596][  0]LogModuleManager: Shutting down and abandoning module LocalizationService (465)
[2020.08.12-10.13.02:596][  0]LogModuleManager: Shutting down and abandoning module HardwareTargeting (462)
[2020.08.12-10.13.02:596][  0]LogModuleManager: Shutting down and abandoning module DeviceProfileEditor (460)
[2020.08.12-10.13.02:596][  0]LogModuleManager: Shutting down and abandoning module UndoHistory (458)
[2020.08.12-10.13.02:596][  0]LogModuleManager: Shutting down and abandoning module XmlParser (456)
[2020.08.12-10.13.02:596][  0]LogModuleManager: Shutting down and abandoning module Blutility (454)
[2020.08.12-10.13.02:596][  0]LogModuleManager: Shutting down and abandoning module ProjectSettingsViewer (452)
[2020.08.12-10.13.02:596][  0]LogModuleManager: Shutting down and abandoning module ProjectTargetPlatformEditor (451)
[2020.08.12-10.13.02:596][  0]LogModuleManager: Shutting down and abandoning module EditorSettingsViewer (448)
[2020.08.12-10.13.02:596][  0]LogModuleManager: Shutting down and abandoning module SettingsEditor (446)
[2020.08.12-10.13.02:596][  0]LogModuleManager: Shutting down and abandoning module ProjectLauncher (444)
[2020.08.12-10.13.02:597][  0]LogModuleManager: Shutting down and abandoning module SessionFrontend (442)
[2020.08.12-10.13.02:597][  0]LogModuleManager: Shutting down and abandoning module ProfilerClient (440)
[2020.08.12-10.13.02:597][  0]LogModuleManager: Shutting down and abandoning module DeviceManager (438)
[2020.08.12-10.13.02:597][  0]LogModuleManager: Shutting down and abandoning module TargetDeviceServices (437)
[2020.08.12-10.13.02:651][  0]LogModuleManager: Shutting down and abandoning module AutomationController (434)
[2020.08.12-10.13.02:651][  0]LogModuleManager: Shutting down and abandoning module AutomationWindow (432)
[2020.08.12-10.13.02:652][  0]LogModuleManager: Shutting down and abandoning module Layers (430)
[2020.08.12-10.13.02:653][  0]LogModuleManager: Shutting down and abandoning module ComponentVisualizers (428)
[2020.08.12-10.13.02:653][  0]LogModuleManager: Shutting down and abandoning module DetailCustomizations (426)
[2020.08.12-10.13.02:653][  0]LogModuleManager: Shutting down and abandoning module PackagesDialog (424)
[2020.08.12-10.13.02:653][  0]LogModuleManager: Shutting down and abandoning module Persona (422)
[2020.08.12-10.13.02:654][  0]LogModuleManager: Shutting down and abandoning module AdvancedPreviewScene (421)
[2020.08.12-10.13.02:654][  0]LogModuleManager: Shutting down and abandoning module AnimGraph (419)
[2020.08.12-10.13.02:654][  0]LogModuleManager: Shutting down and abandoning module Kismet (416)
[2020.08.12-10.13.02:654][  0]LogModuleManager: Shutting down and abandoning module GraphEditor (414)
[2020.08.12-10.13.02:656][  0]LogModuleManager: Shutting down and abandoning module ClassViewer (412)
[2020.08.12-10.13.02:656][  0]LogModuleManager: Shutting down and abandoning module Toolbox (410)
[2020.08.12-10.13.02:656][  0]LogModuleManager: Shutting down and abandoning module ModuleUI (408)
[2020.08.12-10.13.02:656][  0]LogModuleManager: Shutting down and abandoning module MovieSceneTools (406)
[2020.08.12-10.13.02:656][  0]LogModuleManager: Shutting down and abandoning module OutputLog (404)
[2020.08.12-10.13.02:657][  0]LogModuleManager: Shutting down and abandoning module GammaUI (402)
[2020.08.12-10.13.02:657][  0]LogModuleManager: Shutting down and abandoning module Documentation (400)
[2020.08.12-10.13.02:657][  0]LogModuleManager: Shutting down and abandoning module MovieSceneTracks (398)
[2020.08.12-10.13.02:657][  0]LogModuleManager: Shutting down and abandoning module MovieScene (396)
[2020.08.12-10.13.02:657][  0]LogModuleManager: Shutting down and abandoning module StreamingPauseRendering (394)
[2020.08.12-10.13.02:657][  0]LogModuleManager: Shutting down and abandoning module LauncherPlatform (392)
[2020.08.12-10.13.02:657][  0]LogModuleManager: Shutting down and abandoning module AnalyticsET (390)
[2020.08.12-10.13.02:657][  0]LogModuleManager: Shutting down and abandoning module PortalServices (388)
[2020.08.12-10.13.02:657][  0]LogModuleManager: Shutting down and abandoning module PortalRpc (386)
[2020.08.12-10.13.02:657][  0]LogModuleManager: Shutting down and abandoning module MessagingRpc (384)
[2020.08.12-10.13.02:657][  0]LogModuleManager: Shutting down and abandoning module AIModule (382)
[2020.08.12-10.13.02:657][  0]LogModuleManager: Shutting down and abandoning module GameplayDebugger (381)
[2020.08.12-10.13.02:657][  0]LogModuleManager: Shutting down and abandoning module AITestSuite (379)
[2020.08.12-10.13.02:657][  0]LogModuleManager: Shutting down and abandoning module DesktopPlatform (376)
[2020.08.12-10.13.02:657][  0]LogModuleManager: Shutting down and abandoning module ProfilerService (374)
[2020.08.12-10.13.02:852][  0]LogModuleManager: Shutting down and abandoning module TaskGraph (372)
[2020.08.12-10.13.02:852][  0]LogModuleManager: Shutting down and abandoning module SteamVRController (370)
[2020.08.12-10.13.02:852][  0]LogModuleManager: Shutting down and abandoning module ProceduralMeshComponentEditor (368)
[2020.08.12-10.13.02:852][  0]LogModuleManager: Shutting down and abandoning module ProceduralMeshComponent (366)
[2020.08.12-10.13.02:852][  0]LogModuleManager: Shutting down and abandoning module OculusInput (364)
[2020.08.12-10.13.02:852][  0]LogModuleManager: Shutting down and abandoning module MobilePatchingUtils (362)
[2020.08.12-10.13.02:852][  0]LogModuleManager: Shutting down and abandoning module CustomMeshComponent (360)
[2020.08.12-10.13.02:852][  0]LogModuleManager: Shutting down and abandoning module CableComponent (358)
[2020.08.12-10.13.02:852][  0]LogModuleManager: Shutting down and abandoning module AudioCapture (356)
[2020.08.12-10.13.02:852][  0]LogModuleManager: Shutting down and abandoning module ArchVisCharacter (354)
[2020.08.12-10.13.02:852][  0]LogModuleManager: Shutting down and abandoning module AndroidPermission (352)
[2020.08.12-10.13.02:852][  0]LogModuleManager: Shutting down and abandoning module NUTUnrealEngine4 (348)
[2020.08.12-10.13.02:852][  0]LogModuleManager: Shutting down and abandoning module NetcodeUnitTest (346)
[2020.08.12-10.13.02:852][  0]LogModuleManager: Shutting down and abandoning module MediaCompositingEditor (344)
[2020.08.12-10.13.02:852][  0]LogModuleManager: Shutting down and abandoning module MediaCompositing (342)
[2020.08.12-10.13.02:852][  0]LogModuleManager: Shutting down and abandoning module LinearTimecode (340)
[2020.08.12-10.13.02:853][  0]LogModuleManager: Shutting down and abandoning module ImgMedia (338)
[2020.08.12-10.13.02:855][  0]LogModuleManager: Shutting down and abandoning module HTML5Networking (336)
[2020.08.12-10.13.02:855][  0]LogModuleManager: Shutting down and abandoning module AlembicImporter (334)
[2020.08.12-10.13.02:856][  0]LogModuleManager: Shutting down and abandoning module AlembicLibrary (333)
[2020.08.12-10.13.02:856][  0]LogModuleManager: Shutting down and abandoning module GeometryCache (332)
[2020.08.12-10.13.02:856][  0]LogModuleManager: Shutting down and abandoning module GeometryCacheEd (331)
[2020.08.12-10.13.02:856][  0]LogModuleManager: Shutting down and abandoning module DatasmithContent (326)
[2020.08.12-10.13.02:856][  0]LogModuleManager: Shutting down and abandoning module SpeedTreeImporter (324)
[2020.08.12-10.13.02:856][  0]LogModuleManager: Shutting down and abandoning module PluginBrowser (322)
[2020.08.12-10.13.02:856][  0]LogModuleManager: Shutting down and abandoning module MobileLauncherProfileWizard (320)
[2020.08.12-10.13.02:856][  0]LogModuleManager: Shutting down and abandoning module CryptoKeysOpenSSL (318)
[2020.08.12-10.13.02:856][  0]LogModuleManager: Shutting down and abandoning module CryptoKeys (316)
[2020.08.12-10.13.02:856][  0]LogModuleManager: Shutting down and abandoning module VisualStudioSourceCodeAccess (314)
[2020.08.12-10.13.02:856][  0]LogModuleManager: Shutting down and abandoning module VisualStudioCodeSourceCodeAccess (312)
[2020.08.12-10.13.02:857][  0]LogModuleManager: Shutting down and abandoning module UObjectPlugin (310)
[2020.08.12-10.13.02:857][  0]LogModuleManager: Shutting down and abandoning module SubversionSourceControl (308)
[2020.08.12-10.13.02:857][  0]LogModuleManager: Shutting down and abandoning module PerforceSourceControl (306)
[2020.08.12-10.13.02:857][  0]LogModuleManager: Shutting down and abandoning module GitSourceControl (304)
[2020.08.12-10.13.02:857][  0]LogModuleManager: Shutting down and abandoning module SourceControl (303)
[2020.08.12-10.13.02:857][  0]LogModuleManager: Shutting down and abandoning module CLionSourceCodeAccess (300)
[2020.08.12-10.13.02:857][  0]LogModuleManager: Shutting down and abandoning module LightPropagationVolumeEditor (298)
[2020.08.12-10.13.02:857][  0]LogModuleManager: Shutting down and abandoning module PaperTiledImporter (296)
[2020.08.12-10.13.02:857][  0]LogModuleManager: Shutting down and abandoning module PaperSpriteSheetImporter (294)
[2020.08.12-10.13.02:857][  0]LogModuleManager: Shutting down and abandoning module Paper2DEditor (292)
[2020.08.12-10.13.02:857][  0]LogModuleManager: Shutting down and abandoning module MeshPaint (291)
[2020.08.12-10.13.02:857][  0]LogModuleManager: Shutting down and abandoning module RuntimePhysXCooking (288)
[2020.08.12-10.13.02:857][  0]LogModuleManager: Shutting down and abandoning module PhysXVehiclesEditor (286)
[2020.08.12-10.13.02:857][  0]LogModuleManager: Shutting down and abandoning module PhysXVehicles (284)
[2020.08.12-10.13.02:857][  0]LogModuleManager: Shutting down and abandoning module OculusEditor (282)
[2020.08.12-10.13.02:857][  0]LogModuleManager: Shutting down and abandoning module LocationServicesBPLibrary (280)
[2020.08.12-10.13.02:857][  0]LogModuleManager: Shutting down and abandoning module ImmediatePhysicsEditor (278)
[2020.08.12-10.13.02:857][  0]LogModuleManager: Shutting down and abandoning module ImmediatePhysics (276)
[2020.08.12-10.13.02:857][  0]LogModuleManager: Shutting down and abandoning module ActorSequence (274)
[2020.08.12-10.13.02:857][  0]LogModuleManager: Shutting down and abandoning module UdpMessaging (272)
[2020.08.12-10.13.02:958][  0]LogModuleManager: Shutting down and abandoning module TcpMessaging (270)
[2020.08.12-10.13.03:058][  0]LogModuleManager: Shutting down and abandoning module GameplayTagsEditor (268)
[2020.08.12-10.13.03:058][  0]LogModuleManager: Shutting down and abandoning module FacialAnimationEditor (266)
[2020.08.12-10.13.03:058][  0]LogModuleManager: Shutting down and abandoning module FacialAnimation (264)
[2020.08.12-10.13.03:058][  0]LogModuleManager: Shutting down and abandoning module DataValidation (262)
[2020.08.12-10.13.03:058][  0]LogModuleManager: Shutting down and abandoning module AssetManagerEditor (260)
[2020.08.12-10.13.03:058][  0]LogModuleManager: Shutting down and abandoning module LevelEditor (259)
[2020.08.12-10.13.03:058][  0]LogModuleManager: Shutting down and abandoning module PixelInspectorModule (258)
[2020.08.12-10.13.03:058][  0]LogModuleManager: Shutting down and abandoning module CommonMenuExtensions (256)
[2020.08.12-10.13.03:059][  0]LogModuleManager: Shutting down and abandoning module MainFrame (254)
[2020.08.12-10.13.03:059][  0]LogModuleManager: Shutting down and abandoning module HotReload (253)
[2020.08.12-10.13.03:059][  0]LogModuleManager: Shutting down and abandoning module ContentBrowser (249)
[2020.08.12-10.13.03:060][  0]LogModuleManager: Shutting down and abandoning module TreeMap (247)
[2020.08.12-10.13.03:060][  0]LogModuleManager: Shutting down and abandoning module LightPropagationVolumeRuntime (244)
[2020.08.12-10.13.03:060][  0]LogModuleManager: Shutting down and abandoning module LiveLinkEditor (242)
[2020.08.12-10.13.03:060][  0]LogModuleManager: Shutting down and abandoning module LiveLink (240)
[2020.08.12-10.13.03:833][  0]LogModuleManager: Shutting down and abandoning module Paper2D (238)
[2020.08.12-10.13.03:833][  0]LogModuleManager: Shutting down and abandoning module WindowsMoviePlayer (236)
[2020.08.12-10.13.03:833][  0]LogModuleManager: Shutting down and abandoning module WmfMedia (234)
[2020.08.12-10.13.03:834][  0]LogModuleManager: Shutting down and abandoning module Media (233)
[2020.08.12-10.13.03:841][  0]LogModuleManager: Shutting down and abandoning module PacketHandler (230)
[2020.08.12-10.13.03:841][  0]LogModuleManager: Shutting down and abandoning module ClothingSystemEditor (228)
[2020.08.12-10.13.03:841][  0]LogModuleManager: Shutting down and abandoning module ClothingSystemRuntime (226)
[2020.08.12-10.13.03:841][  0]LogModuleManager: Shutting down and abandoning module MediaAssets (224)
[2020.08.12-10.13.03:841][  0]LogModuleManager: Shutting down and abandoning module Overlay (222)
[2020.08.12-10.13.03:841][  0]LogModuleManager: Shutting down and abandoning module OverlayEditor (221)
[2020.08.12-10.13.03:841][  0]LogModuleManager: Shutting down and abandoning module VREditor (218)
[2020.08.12-10.13.03:841][  0]LogModuleManager: Shutting down and abandoning module StringTableEditor (216)
[2020.08.12-10.13.03:841][  0]LogModuleManager: Shutting down and abandoning module GameplayTasksEditor (214)
[2020.08.12-10.13.03:841][  0]LogModuleManager: Shutting down and abandoning module BehaviorTreeEditor (212)
[2020.08.12-10.13.03:841][  0]LogModuleManager: Shutting down and abandoning module FunctionalTesting (210)
[2020.08.12-10.13.03:841][  0]LogModuleManager: Shutting down and abandoning module CollisionAnalyzer (208)
[2020.08.12-10.13.03:841][  0]LogModuleManager: Shutting down and abandoning module WorkspaceMenuStructure (207)
[2020.08.12-10.13.03:841][  0]LogModuleManager: Shutting down and abandoning module UMG (204)
[2020.08.12-10.13.03:841][  0]LogModuleManager: Shutting down and abandoning module UMGEditor (203)
[2020.08.12-10.13.03:842][  0]LogModuleManager: Shutting down and abandoning module Sequencer (202)
[2020.08.12-10.13.03:842][  0]LogModuleManager: Shutting down and abandoning module MessageLog (199)
[2020.08.12-10.13.03:842][  0]LogModuleManager: Shutting down and abandoning module SlateReflector (194)
[2020.08.12-10.13.03:842][  0]LogModuleManager: Shutting down and abandoning module Slate (192)
[2020.08.12-10.13.03:842][  0]LogModuleManager: Shutting down and abandoning module EditorStyle (190)
[2020.08.12-10.13.03:843][  0]LogModuleManager: Shutting down and abandoning module MRMesh (188)
[2020.08.12-10.13.03:843][  0]LogModuleManager: Shutting down and abandoning module SourceCodeAccess (186)
[2020.08.12-10.13.03:843][  0]LogModuleManager: Shutting down and abandoning module HeadMountedDisplay (184)
[2020.08.12-10.13.03:843][  0]LogModuleManager: Shutting down and abandoning module XAudio2 (182)
[2020.08.12-10.13.03:843][  0]LogModuleManager: Shutting down and abandoning module Networking (180)
[2020.08.12-10.13.03:843][  0]LogModuleManager: Shutting down and abandoning module Core (178)
[2020.08.12-10.13.03:843][  0]LogModuleManager: Shutting down and abandoning module LevelSequence (176)
[2020.08.12-10.13.03:843][  0]LogModuleManager: Shutting down and abandoning module KismetCompiler (174)
[2020.08.12-10.13.03:843][  0]LogModuleManager: Shutting down and abandoning module MeshUtilities (172)
[2020.08.12-10.13.03:843][  0]LogModuleManager: Shutting down and abandoning module MeshMergeUtilities (171)
[2020.08.12-10.13.03:844][  0]LogModuleManager: Shutting down and abandoning module MeshReductionInterface (170)
[2020.08.12-10.13.03:844][  0]LogModuleManager: Shutting down and abandoning module SimplygonSwarm (169)
[2020.08.12-10.13.03:844][  0]LogModuleManager: Shutting down and abandoning module SimplygonMeshReduction (167)
[2020.08.12-10.13.03:844][  0]LogModuleManager: Shutting down and abandoning module QuadricMeshReduction (165)
[2020.08.12-10.13.03:844][  0]LogModuleManager: Shutting down and abandoning module MaterialBaking (161)
[2020.08.12-10.13.03:844][  0]LogModuleManager: Shutting down and abandoning module DirectoryWatcher (157)
[2020.08.12-10.13.03:846][  0]LogModuleManager: Shutting down and abandoning module DerivedDataCache (154)
[2020.08.12-10.13.03:857][  0]LogDerivedDataCache: Shutdown
[2020.08.12-10.13.03:857][  0]LogModuleManager: Shutting down and abandoning module XGEController (152)
[2020.08.12-10.13.03:857][  0]LogXGEController: Cleaning working directory: C:/Users/tanis/AppData/Local/Temp/UnrealXGEWorkingDir/
[2020.08.12-10.13.03:858][  0]LogModuleManager: Shutting down and abandoning module TargetPlatform (150)
[2020.08.12-10.13.03:858][  0]LogModuleManager: Shutting down and abandoning module VulkanShaderFormat (149)
[2020.08.12-10.13.03:858][  0]LogModuleManager: Shutting down and abandoning module ShaderFormatVectorVM (147)
[2020.08.12-10.13.03:858][  0]LogModuleManager: Shutting down and abandoning module ShaderFormatOpenGL (145)
[2020.08.12-10.13.03:858][  0]LogModuleManager: Shutting down and abandoning module ShaderFormatD3D (143)
[2020.08.12-10.13.03:858][  0]LogModuleManager: Shutting down and abandoning module MetalShaderFormat (141)
[2020.08.12-10.13.03:858][  0]LogModuleManager: Shutting down and abandoning module TextureFormatUncompressed (139)
[2020.08.12-10.13.03:858][  0]LogModuleManager: Shutting down and abandoning module TextureFormatPVR (137)
[2020.08.12-10.13.03:858][  0]LogModuleManager: Shutting down and abandoning module TextureFormatDXT (135)
[2020.08.12-10.13.03:858][  0]LogModuleManager: Shutting down and abandoning module TextureFormatIntelISPCTexComp (133)
[2020.08.12-10.13.03:858][  0]LogModuleManager: Shutting down and abandoning module TextureFormatASTC (131)
[2020.08.12-10.13.03:858][  0]LogModuleManager: Shutting down and abandoning module ImageWrapper (130)
[2020.08.12-10.13.03:858][  0]LogModuleManager: Shutting down and abandoning module TextureFormatAndroid (127)
[2020.08.12-10.13.03:858][  0]LogModuleManager: Shutting down and abandoning module AudioFormatOpus (125)
[2020.08.12-10.13.03:858][  0]LogModuleManager: Shutting down and abandoning module AudioFormatOgg (123)
[2020.08.12-10.13.03:858][  0]LogModuleManager: Shutting down and abandoning module AudioFormatADPCM (121)
[2020.08.12-10.13.03:858][  0]LogModuleManager: Shutting down and abandoning module LinuxTargetPlatform (119)
[2020.08.12-10.13.03:858][  0]LogModuleManager: Shutting down and abandoning module LinuxServerTargetPlatform (117)
[2020.08.12-10.13.03:858][  0]LogModuleManager: Shutting down and abandoning module LinuxNoEditorTargetPlatform (115)
[2020.08.12-10.13.03:858][  0]LogModuleManager: Shutting down and abandoning module LinuxClientTargetPlatform (113)
[2020.08.12-10.13.03:858][  0]LogModuleManager: Shutting down and abandoning module TVOSTargetPlatform (111)
[2020.08.12-10.13.03:858][  0]LogModuleManager: Shutting down and abandoning module Messaging (109)
[2020.08.12-10.13.03:858][  0]LogModuleManager: Shutting down and abandoning module IOSTargetPlatform (107)
[2020.08.12-10.13.03:858][  0]LogModuleManager: Shutting down and abandoning module HTML5TargetPlatform (105)
[2020.08.12-10.13.03:858][  0]LogModuleManager: Shutting down and abandoning module AndroidTargetPlatform (103)
[2020.08.12-10.13.03:858][  0]LogModuleManager: Shutting down and abandoning module Android_PVRTCTargetPlatform (101)
[2020.08.12-10.13.03:858][  0]LogModuleManager: Shutting down and abandoning module Android_MultiTargetPlatform (99)
[2020.08.12-10.13.03:858][  0]LogModuleManager: Shutting down and abandoning module Android_ETC2TargetPlatform (97)
[2020.08.12-10.13.03:858][  0]LogModuleManager: Shutting down and abandoning module Android_ETC1TargetPlatform (95)
[2020.08.12-10.13.03:858][  0]LogModuleManager: Shutting down and abandoning module Android_ETC1aTargetPlatform (93)
[2020.08.12-10.13.03:858][  0]LogModuleManager: Shutting down and abandoning module Android_DXTTargetPlatform (91)
[2020.08.12-10.13.03:858][  0]LogModuleManager: Shutting down and abandoning module Android_ATCTargetPlatform (89)
[2020.08.12-10.13.03:858][  0]LogModuleManager: Shutting down and abandoning module Android_ASTCTargetPlatform (87)
[2020.08.12-10.13.03:858][  0]LogModuleManager: Shutting down and abandoning module WindowsTargetPlatform (85)
[2020.08.12-10.13.03:858][  0]LogModuleManager: Shutting down and abandoning module WindowsServerTargetPlatform (83)
[2020.08.12-10.13.03:858][  0]LogModuleManager: Shutting down and abandoning module WindowsNoEditorTargetPlatform (81)
[2020.08.12-10.13.03:858][  0]LogModuleManager: Shutting down and abandoning module WindowsClientTargetPlatform (79)
[2020.08.12-10.13.03:858][  0]LogModuleManager: Shutting down and abandoning module MacTargetPlatform (77)
[2020.08.12-10.13.03:858][  0]LogModuleManager: Shutting down and abandoning module MacServerTargetPlatform (75)
[2020.08.12-10.13.03:858][  0]LogModuleManager: Shutting down and abandoning module MacNoEditorTargetPlatform (73)
[2020.08.12-10.13.03:858][  0]LogModuleManager: Shutting down and abandoning module MacClientTargetPlatform (71)
[2020.08.12-10.13.03:858][  0]LogModuleManager: Shutting down and abandoning module AllDesktopTargetPlatform (69)
[2020.08.12-10.13.03:858][  0]LogModuleManager: Shutting down and abandoning module InputCore (66)
[2020.08.12-10.13.03:858][  0]LogModuleManager: Shutting down and abandoning module Settings (64)
[2020.08.12-10.13.03:859][  0]LogModuleManager: Shutting down and abandoning module PhysXCooking (62)
[2020.08.12-10.13.03:859][  0]LogModuleManager: Shutting down and abandoning module SteamVR (60)
[2020.08.12-10.13.03:859][  0]LogModuleManager: Shutting down and abandoning module OculusHMD (58)
[2020.08.12-10.13.03:859][  0]LogModuleManager: Shutting down and abandoning module ExampleDeviceProfileSelector (56)
[2020.08.12-10.13.03:859][  0]LogModuleManager: Shutting down and abandoning module AppleARKit (54)
[2020.08.12-10.13.03:859][  0]LogModuleManager: Shutting down and abandoning module AugmentedReality (51)
[2020.08.12-10.13.03:859][  0]LogModuleManager: Shutting down and abandoning module OnlineBlueprintSupport (48)
[2020.08.12-10.13.03:859][  0]LogModuleManager: Shutting down and abandoning module OnlineSubsystem (44)
[2020.08.12-10.13.03:859][  0]LogModuleManager: Shutting down and abandoning module XMPP (43)
[2020.08.12-10.13.03:859][  0]LogModuleManager: Shutting down and abandoning module HTTP (41)
[2020.08.12-10.13.03:859][  0]LogHttp: Display: Http module shutting down, but needs to wait on 1 outstanding Http requests:
[2020.08.12-10.13.03:859][  0]LogHttp: Display: 	verb=[POST] url=[https://datarouter.ol.epicgames.com/datarouter/api/v1/public/data?SessionID=%7B878D2F6F-4058-7C4D-86D7-5A81D5734222%7D&AppID=UEEditor.Rocket.Release&AppVersion=4.19.2-4033788%2B%2B%2BUE4%2BRelease-4.19&UserID=a5b56f0a44147f39e6aa0fb79f5b46c1%7Cbfa3e9eba24b48f5ba1c5e33a44bf422%7C142b5f2a-3529-48e5-bc20-5fb7ccacf005&AppEnvironment=datacollector-binary&UploadType=eteventstream] status=Processing
[2020.08.12-10.13.03:883][  0]LogModuleManager: Shutting down and abandoning module SSL (40)
[2020.08.12-10.13.03:884][  0]LogModuleManager: Shutting down and abandoning module AnimationModifiers (36)
[2020.08.12-10.13.03:884][  0]LogModuleManager: Shutting down and abandoning module PropertyEditor (35)
[2020.08.12-10.13.03:884][  0]LogModuleManager: Shutting down and abandoning module AudioEditor (32)
[2020.08.12-10.13.03:884][  0]LogModuleManager: Shutting down and abandoning module TextureCompressor (30)
[2020.08.12-10.13.03:884][  0]LogModuleManager: Shutting down and abandoning module ShaderCore (28)
[2020.08.12-10.13.03:884][  0]LogModuleManager: Shutting down and abandoning module Landscape (26)
[2020.08.12-10.13.03:884][  0]LogModuleManager: Shutting down and abandoning module SlateRHIRenderer (24)
[2020.08.12-10.13.03:885][  0]LogModuleManager: Shutting down and abandoning module OpenGLDrv (22)
[2020.08.12-10.13.03:885][  0]LogModuleManager: Shutting down and abandoning module D3D11RHI (20)
[2020.08.12-10.13.03:885][  0]LogModuleManager: Shutting down and abandoning module AnimGraphRuntime (18)
[2020.08.12-10.13.03:885][  0]LogModuleManager: Shutting down and abandoning module Renderer (16)
[2020.08.12-10.13.03:885][  0]LogModuleManager: Shutting down and abandoning module Engine (14)
[2020.08.12-10.13.03:885][  0]LogModuleManager: Shutting down and abandoning module CoreUObject (12)
[2020.08.12-10.13.03:885][  0]LogModuleManager: Shutting down and abandoning module NetworkFile (10)
[2020.08.12-10.13.03:885][  0]LogModuleManager: Shutting down and abandoning module CookedIterativeFile (8)
[2020.08.12-10.13.03:885][  0]LogModuleManager: Shutting down and abandoning module StreamingFile (6)
[2020.08.12-10.13.03:885][  0]LogModuleManager: Shutting down and abandoning module SandboxFile (4)
[2020.08.12-10.13.03:885][  0]LogModuleManager: Shutting down and abandoning module PakFile (2)
[2020.08.12-10.13.03:894][  0]LogExit: Exiting.
[2020.08.12-10.13.03:904][  0]Log file closed, 08/12/20 15:43:03
